2026-03-17 11:11:49:005 [Appium] Welcome to Appium v3.2.2 (REV bab86d5de571015b63fd8fc30b47bbe072a1290e)
2026-03-17 11:11:49:005 [Appium] Non-default server args:
2026-03-17 11:11:49:006 [Appium] { port: 24244 }
2026-03-17 11:11:49:006 [Appium] The autodetected Appium home path: /Users/adrian/.appium
2026-03-17 11:11:49:006 [Appium] Attempting to load driver uiautomator2...
2026-03-17 11:11:49:006 [Appium] Attempting to load driver xcuitest...
2026-03-17 11:11:49:007 [Appium] Requiring driver at /Users/adrian/.appium/node_modules/appium-uiautomator2-driver/build/lib/index.js
2026-03-17 11:11:49:149 [Appium] AndroidUiautomator2Driver has been successfully loaded in 0.143s
2026-03-17 11:11:49:149 [Appium] Requiring driver at /Users/adrian/.appium/node_modules/appium-xcuitest-driver/build/lib/index.js
2026-03-17 11:11:49:308 [Appium] XCUITestDriver has been successfully loaded in 0.301s
2026-03-17 11:11:49:317 [Appium] Appium REST http interface listener started on http://0.0.0.0:24244
2026-03-17 11:11:49:317 [Appium] You can provide the following URLs in your client code to connect to this server:
	http://127.0.0.1:24244/ (only accessible from the same host)
	http://192.168.167.29:24244/
2026-03-17 11:11:49:318 [Appium] Available drivers:
2026-03-17 11:11:49:318 [Appium]   - uiautomator2@6.9.3 (automationName 'UiAutomator2')
2026-03-17 11:11:49:318 [Appium]   - xcuitest@10.32.0 (automationName 'XCUITest')
2026-03-17 11:11:49:318 [Appium] No plugins have been installed. Use the "appium plugin" command to install the one(s) you want to use.
2026-03-17 11:11:53:777 [HTTP] --> POST /session {"capabilities":{"firstMatch":[{}],"alwaysMatch":{"platformName":"Android","appium:deviceName":"Android Emulator","appium:automationName":"UiAutomator2","appium:appPackage":"com.android.settings","appium:appActivity":".Settings"}},"desiredCapabilities":{"platformName":"Android","appium:deviceName":"Android Emulator","appium:automationName":"UiAutomator2","appium:appPackage":"com.android.settings","appium:appActivity":".Settings"}}
2026-03-17 11:11:53:778 [BaseDriver] The following arguments are not known and will be ignored: desiredCapabilities
2026-03-17 11:11:53:779 [AppiumDriver@6e41] Calling AppiumDriver.createSession() with args: [{"firstMatch":[{}],"alwaysMatch":{"platformName":"Android","appium:deviceName":"Android Emulator","appium:automationName":"UiAutomator2","appium:appPackage":"com.android.settings","appium:appActivity":".Settings"}},{"firstMatch":[{}],"alwaysMatch":{"platformName":"Android","appium:deviceName":"Android Emulator","appium:automationName":"UiAutomator2","appium:appPackage":"com.android.settings","appium:appActivity":".Settings"}},{"firstMatch":[{}],"alwaysMatch":{"platformName":"Android","appium:deviceName":"Android Emulator","appium:automationName":"UiAutomator2","appium:appPackage":"com.android.settings","appium:appActivity":".Settings"}}]
2026-03-17 11:11:53:779 [AppiumDriver@6e41] Event 'newSessionRequested' logged at 1773745913779 (12:11:53 GMT+0100 (Central European Standard Time))
2026-03-17 11:11:53:781 [Appium] Attempting to find matching driver for automationName 'UiAutomator2' and platformName 'Android'
2026-03-17 11:11:53:781 [Appium] The 'uiautomator2' driver was installed and matched caps.
2026-03-17 11:11:53:781 [Appium] Will require it at /Users/adrian/.appium/node_modules/appium-uiautomator2-driver
2026-03-17 11:11:53:782 [Appium] Requiring driver at /Users/adrian/.appium/node_modules/appium-uiautomator2-driver/build/lib/index.js
2026-03-17 11:11:53:782 [AppiumDriver@6e41] Appium v3.2.2 creating new AndroidUiautomator2Driver (v6.9.3) session
2026-03-17 11:11:53:783 [AppiumDriver@6e41] Checking BaseDriver versions for Appium and AndroidUiautomator2Driver
2026-03-17 11:11:53:783 [AppiumDriver@6e41] Appium's BaseDriver version is 10.2.2
2026-03-17 11:11:53:783 [AppiumDriver@6e41] AndroidUiautomator2Driver's BaseDriver version is 10.2.2
2026-03-17 11:11:53:785 [38;5;-51m[AndroidUiautomator2Driver@cd43] 
2026-03-17 11:11:53:785 [38;5;-51m[AndroidUiautomator2Driver@cd43] Creating session with W3C capabilities: {
  "alwaysMatch": {
    "platformName": "Android",
    "appium:deviceName": "Android Emulator",
    "appium:automationName": "UiAutomator2",
    "appium:appPackage": "com.android.settings",
    "appium:appActivity": ".Settings"
  },
  "firstMatch": [
    {}
  ]
}
2026-03-17 11:11:53:788 [cbdb6867][38;5;-51m[AndroidUiautomator2Driver@cd43] Session created with session id: cbdb6867-ab29-43c3-b425-fa8742ebb3ff
2026-03-17 11:11:53:793 [cbdb6867][ADB] Found 5 'build-tools' folders under '/Users/adrian/Library/Android/sdk' (newest first):
2026-03-17 11:11:53:794 [cbdb6867][ADB]     /Users/adrian/Library/Android/sdk/build-tools/36.0.0
2026-03-17 11:11:53:794 [cbdb6867][ADB]     /Users/adrian/Library/Android/sdk/build-tools/35.0.1
2026-03-17 11:11:53:794 [cbdb6867][ADB]     /Users/adrian/Library/Android/sdk/build-tools/35.0.0
2026-03-17 11:11:53:794 [cbdb6867][ADB]     /Users/adrian/Library/Android/sdk/build-tools/34.0.0
2026-03-17 11:11:53:794 [cbdb6867][ADB]     /Users/adrian/Library/Android/sdk/build-tools/33.0.1
2026-03-17 11:11:53:794 [cbdb6867][ADB] Using 'adb' from '/Users/adrian/Library/Android/sdk/platform-tools/adb'
2026-03-17 11:11:53:794 [cbdb6867][ADB] Running '/Users/adrian/Library/Android/sdk/platform-tools/adb -P 5037 start-server'
2026-03-17 11:11:53:807 [cbdb6867][38;5;-51m[AndroidUiautomator2Driver@cd43] Retrieving device list
2026-03-17 11:11:53:807 [cbdb6867][ADB] Trying to find connected Android devices
2026-03-17 11:11:53:807 [cbdb6867][ADB] Getting connected devices
2026-03-17 11:11:53:817 [cbdb6867][ADB] No connected devices have been detected
2026-03-17 11:11:53:817 [cbdb6867][ADB] Could not find online devices
2026-03-17 11:11:53:817 [cbdb6867][ADB] Reconnecting adb (target offline)
2026-03-17 11:11:53:817 [cbdb6867][ADB] Running '/Users/adrian/Library/Android/sdk/platform-tools/adb -P 5037 reconnect offline'
2026-03-17 11:11:54:028 [cbdb6867][ADB] Getting connected devices
2026-03-17 11:11:54:055 [cbdb6867][ADB] No connected devices have been detected
2026-03-17 11:11:54:055 [cbdb6867][ADB] Could not find online devices
2026-03-17 11:11:54:055 [cbdb6867][ADB] Reconnecting adb (target offline)
2026-03-17 11:11:54:055 [cbdb6867][ADB] Running '/Users/adrian/Library/Android/sdk/platform-tools/adb -P 5037 reconnect offline'
2026-03-17 11:11:54:274 [cbdb6867][ADB] Getting connected devices
2026-03-17 11:11:54:294 [cbdb6867][ADB] No connected devices have been detected
2026-03-17 11:11:54:294 [cbdb6867][ADB] Could not find online devices
2026-03-17 11:11:54:294 [cbdb6867][ADB] Reconnecting adb (target offline)
2026-03-17 11:11:54:294 [cbdb6867][ADB] Running '/Users/adrian/Library/Android/sdk/platform-tools/adb -P 5037 reconnect offline'
2026-03-17 11:11:54:509 [cbdb6867][ADB] Getting connected devices
2026-03-17 11:11:54:534 [cbdb6867][ADB] No connected devices have been detected
2026-03-17 11:11:54:534 [cbdb6867][ADB] Could not find online devices
2026-03-17 11:11:54:534 [cbdb6867][ADB] Reconnecting adb (target offline)
2026-03-17 11:11:54:534 [cbdb6867][ADB] Running '/Users/adrian/Library/Android/sdk/platform-tools/adb -P 5037 reconnect offline'
2026-03-17 11:11:54:751 [cbdb6867][ADB] Getting connected devices
2026-03-17 11:11:54:775 [cbdb6867][ADB] No connected devices have been detected
2026-03-17 11:11:54:775 [cbdb6867][ADB] Could not find online devices
2026-03-17 11:11:54:775 [cbdb6867][ADB] Reconnecting adb (target offline)
2026-03-17 11:11:54:775 [cbdb6867][ADB] Running '/Users/adrian/Library/Android/sdk/platform-tools/adb -P 5037 reconnect offline'
2026-03-17 11:11:54:989 [cbdb6867][ADB] Getting connected devices
2026-03-17 11:11:55:014 [cbdb6867][ADB] No connected devices have been detected
2026-03-17 11:11:55:014 [cbdb6867][ADB] Could not find online devices
2026-03-17 11:11:55:014 [cbdb6867][ADB] Reconnecting adb (target offline)
2026-03-17 11:11:55:014 [cbdb6867][ADB] Running '/Users/adrian/Library/Android/sdk/platform-tools/adb -P 5037 reconnect offline'
2026-03-17 11:11:55:232 [cbdb6867][ADB] Getting connected devices
2026-03-17 11:11:55:256 [cbdb6867][ADB] No connected devices have been detected
2026-03-17 11:11:55:256 [cbdb6867][ADB] Could not find online devices
2026-03-17 11:11:55:256 [cbdb6867][ADB] Reconnecting adb (target offline)
2026-03-17 11:11:55:256 [cbdb6867][ADB] Running '/Users/adrian/Library/Android/sdk/platform-tools/adb -P 5037 reconnect offline'
2026-03-17 11:11:55:472 [cbdb6867][ADB] Getting connected devices
2026-03-17 11:11:55:493 [cbdb6867][ADB] No connected devices have been detected
2026-03-17 11:11:55:493 [cbdb6867][ADB] Could not find online devices
2026-03-17 11:11:55:493 [cbdb6867][ADB] Reconnecting adb (target offline)
2026-03-17 11:11:55:493 [cbdb6867][ADB] Running '/Users/adrian/Library/Android/sdk/platform-tools/adb -P 5037 reconnect offline'
2026-03-17 11:11:55:708 [cbdb6867][ADB] Getting connected devices
2026-03-17 11:11:55:732 [cbdb6867][ADB] No connected devices have been detected
2026-03-17 11:11:55:733 [cbdb6867][ADB] Could not find online devices
2026-03-17 11:11:55:733 [cbdb6867][ADB] Reconnecting adb (target offline)
2026-03-17 11:11:55:733 [cbdb6867][ADB] Running '/Users/adrian/Library/Android/sdk/platform-tools/adb -P 5037 reconnect offline'
2026-03-17 11:11:55:950 [cbdb6867][ADB] Getting connected devices
2026-03-17 11:11:55:972 [cbdb6867][ADB] No connected devices have been detected
2026-03-17 11:11:55:972 [cbdb6867][ADB] Could not find online devices
2026-03-17 11:11:55:972 [cbdb6867][ADB] Reconnecting adb (target offline)
2026-03-17 11:11:55:972 [cbdb6867][ADB] Running '/Users/adrian/Library/Android/sdk/platform-tools/adb -P 5037 reconnect offline'
2026-03-17 11:11:56:189 [cbdb6867][ADB] Getting connected devices
2026-03-17 11:11:56:211 [cbdb6867][ADB] No connected devices have been detected
2026-03-17 11:11:56:211 [cbdb6867][ADB] Could not find online devices
2026-03-17 11:11:56:211 [cbdb6867][ADB] Reconnecting adb (target offline)
2026-03-17 11:11:56:211 [cbdb6867][ADB] Running '/Users/adrian/Library/Android/sdk/platform-tools/adb -P 5037 reconnect offline'
2026-03-17 11:11:56:426 [cbdb6867][ADB] Getting connected devices
2026-03-17 11:11:56:451 [cbdb6867][ADB] No connected devices have been detected
2026-03-17 11:11:56:451 [cbdb6867][ADB] Could not find online devices
2026-03-17 11:11:56:451 [cbdb6867][ADB] Reconnecting adb (target offline)
2026-03-17 11:11:56:451 [cbdb6867][ADB] Running '/Users/adrian/Library/Android/sdk/platform-tools/adb -P 5037 reconnect offline'
2026-03-17 11:11:56:669 [cbdb6867][ADB] Getting connected devices
2026-03-17 11:11:56:696 [cbdb6867][ADB] No connected devices have been detected
2026-03-17 11:11:56:696 [cbdb6867][ADB] Could not find online devices
2026-03-17 11:11:56:696 [cbdb6867][ADB] Reconnecting adb (target offline)
2026-03-17 11:11:56:696 [cbdb6867][ADB] Running '/Users/adrian/Library/Android/sdk/platform-tools/adb -P 5037 reconnect offline'
2026-03-17 11:11:56:915 [cbdb6867][ADB] Getting connected devices
2026-03-17 11:11:56:940 [cbdb6867][ADB] No connected devices have been detected
2026-03-17 11:11:56:940 [cbdb6867][ADB] Could not find online devices
2026-03-17 11:11:56:940 [cbdb6867][ADB] Reconnecting adb (target offline)
2026-03-17 11:11:56:940 [cbdb6867][ADB] Running '/Users/adrian/Library/Android/sdk/platform-tools/adb -P 5037 reconnect offline'
2026-03-17 11:11:57:158 [cbdb6867][ADB] Getting connected devices
2026-03-17 11:11:57:184 [cbdb6867][ADB] No connected devices have been detected
2026-03-17 11:11:57:184 [cbdb6867][ADB] Could not find online devices
2026-03-17 11:11:57:184 [cbdb6867][ADB] Reconnecting adb (target offline)
2026-03-17 11:11:57:184 [cbdb6867][ADB] Running '/Users/adrian/Library/Android/sdk/platform-tools/adb -P 5037 reconnect offline'
2026-03-17 11:11:57:399 [cbdb6867][ADB] Getting connected devices
2026-03-17 11:11:57:424 [cbdb6867][ADB] No connected devices have been detected
2026-03-17 11:11:57:424 [cbdb6867][ADB] Could not find online devices
2026-03-17 11:11:57:424 [cbdb6867][ADB] Reconnecting adb (target offline)
2026-03-17 11:11:57:424 [cbdb6867][ADB] Running '/Users/adrian/Library/Android/sdk/platform-tools/adb -P 5037 reconnect offline'
2026-03-17 11:11:57:643 [cbdb6867][ADB] Getting connected devices
2026-03-17 11:11:57:667 [cbdb6867][ADB] No connected devices have been detected
2026-03-17 11:11:57:667 [cbdb6867][ADB] Could not find online devices
2026-03-17 11:11:57:667 [cbdb6867][ADB] Reconnecting adb (target offline)
2026-03-17 11:11:57:667 [cbdb6867][ADB] Running '/Users/adrian/Library/Android/sdk/platform-tools/adb -P 5037 reconnect offline'
2026-03-17 11:11:57:885 [cbdb6867][ADB] Getting connected devices
2026-03-17 11:11:57:908 [cbdb6867][ADB] No connected devices have been detected
2026-03-17 11:11:57:908 [cbdb6867][ADB] Could not find online devices
2026-03-17 11:11:57:908 [cbdb6867][ADB] Reconnecting adb (target offline)
2026-03-17 11:11:57:908 [cbdb6867][ADB] Running '/Users/adrian/Library/Android/sdk/platform-tools/adb -P 5037 reconnect offline'
2026-03-17 11:11:58:125 [cbdb6867][ADB] Getting connected devices
2026-03-17 11:11:58:149 [cbdb6867][ADB] No connected devices have been detected
2026-03-17 11:11:58:149 [cbdb6867][ADB] Could not find online devices
2026-03-17 11:11:58:149 [cbdb6867][ADB] Reconnecting adb (target offline)
2026-03-17 11:11:58:149 [cbdb6867][ADB] Running '/Users/adrian/Library/Android/sdk/platform-tools/adb -P 5037 reconnect offline'
2026-03-17 11:11:58:368 [cbdb6867][ADB] Getting connected devices
2026-03-17 11:11:58:394 [cbdb6867][ADB] No connected devices have been detected
2026-03-17 11:11:58:394 [cbdb6867][ADB] Could not find online devices
2026-03-17 11:11:58:394 [cbdb6867][ADB] Reconnecting adb (target offline)
2026-03-17 11:11:58:394 [cbdb6867][ADB] Running '/Users/adrian/Library/Android/sdk/platform-tools/adb -P 5037 reconnect offline'
2026-03-17 11:11:58:610 [cbdb6867][ADB] Getting connected devices
2026-03-17 11:11:58:618 [cbdb6867][ADB] No connected devices have been detected
2026-03-17 11:11:58:618 [cbdb6867][ADB] Could not find online devices
2026-03-17 11:11:58:618 [cbdb6867][ADB] Reconnecting adb (target offline)
2026-03-17 11:11:58:618 [cbdb6867][ADB] Running '/Users/adrian/Library/Android/sdk/platform-tools/adb -P 5037 reconnect offline'
2026-03-17 11:11:58:827 [cbdb6867][ADB] Getting connected devices
2026-03-17 11:11:58:836 [cbdb6867][ADB] No connected devices have been detected
2026-03-17 11:11:58:836 [cbdb6867][ADB] Could not find online devices
2026-03-17 11:11:58:836 [cbdb6867][ADB] Reconnecting adb (target offline)
2026-03-17 11:11:58:836 [cbdb6867][ADB] Running '/Users/adrian/Library/Android/sdk/platform-tools/adb -P 5037 reconnect offline'
2026-03-17 11:11:59:045 [cbdb6867][ADB] Getting connected devices
2026-03-17 11:11:59:054 [cbdb6867][ADB] No connected devices have been detected
2026-03-17 11:11:59:054 [cbdb6867][ADB] Could not find online devices
2026-03-17 11:11:59:054 [cbdb6867][ADB] Reconnecting adb (target offline)
2026-03-17 11:11:59:054 [cbdb6867][ADB] Running '/Users/adrian/Library/Android/sdk/platform-tools/adb -P 5037 reconnect offline'
2026-03-17 11:11:59:263 [cbdb6867][ADB] Getting connected devices
2026-03-17 11:11:59:275 [cbdb6867][ADB] No connected devices have been detected
2026-03-17 11:11:59:275 [cbdb6867][ADB] Could not find online devices
2026-03-17 11:11:59:275 [cbdb6867][ADB] Reconnecting adb (target offline)
2026-03-17 11:11:59:275 [cbdb6867][ADB] Running '/Users/adrian/Library/Android/sdk/platform-tools/adb -P 5037 reconnect offline'
2026-03-17 11:11:59:484 [cbdb6867][ADB] Getting connected devices
2026-03-17 11:11:59:493 [cbdb6867][ADB] No connected devices have been detected
2026-03-17 11:11:59:493 [cbdb6867][ADB] Could not find online devices
2026-03-17 11:11:59:493 [cbdb6867][ADB] Reconnecting adb (target offline)
2026-03-17 11:11:59:493 [cbdb6867][ADB] Running '/Users/adrian/Library/Android/sdk/platform-tools/adb -P 5037 reconnect offline'
2026-03-17 11:11:59:702 [cbdb6867][ADB] Getting connected devices
2026-03-17 11:11:59:713 [cbdb6867][ADB] No connected devices have been detected
2026-03-17 11:11:59:713 [cbdb6867][ADB] Could not find online devices
2026-03-17 11:11:59:713 [cbdb6867][ADB] Reconnecting adb (target offline)
2026-03-17 11:11:59:713 [cbdb6867][ADB] Running '/Users/adrian/Library/Android/sdk/platform-tools/adb -P 5037 reconnect offline'
2026-03-17 11:11:59:924 [cbdb6867][ADB] Getting connected devices
2026-03-17 11:11:59:944 [cbdb6867][ADB] No connected devices have been detected
2026-03-17 11:11:59:944 [cbdb6867][ADB] Could not find online devices
2026-03-17 11:11:59:944 [cbdb6867][ADB] Reconnecting adb (target offline)
2026-03-17 11:11:59:944 [cbdb6867][ADB] Running '/Users/adrian/Library/Android/sdk/platform-tools/adb -P 5037 reconnect offline'
2026-03-17 11:12:00:158 [cbdb6867][ADB] Getting connected devices
2026-03-17 11:12:00:184 [cbdb6867][ADB] No connected devices have been detected
2026-03-17 11:12:00:184 [cbdb6867][ADB] Could not find online devices
2026-03-17 11:12:00:184 [cbdb6867][ADB] Reconnecting adb (target offline)
2026-03-17 11:12:00:184 [cbdb6867][ADB] Running '/Users/adrian/Library/Android/sdk/platform-tools/adb -P 5037 reconnect offline'
2026-03-17 11:12:00:400 [cbdb6867][ADB] Getting connected devices
2026-03-17 11:12:00:425 [cbdb6867][ADB] No connected devices have been detected
2026-03-17 11:12:00:425 [cbdb6867][ADB] Could not find online devices
2026-03-17 11:12:00:425 [cbdb6867][ADB] Reconnecting adb (target offline)
2026-03-17 11:12:00:425 [cbdb6867][ADB] Running '/Users/adrian/Library/Android/sdk/platform-tools/adb -P 5037 reconnect offline'
2026-03-17 11:12:00:644 [cbdb6867][ADB] Getting connected devices
2026-03-17 11:12:00:671 [cbdb6867][ADB] No connected devices have been detected
2026-03-17 11:12:00:671 [cbdb6867][ADB] Could not find online devices
2026-03-17 11:12:00:671 [cbdb6867][ADB] Reconnecting adb (target offline)
2026-03-17 11:12:00:671 [cbdb6867][ADB] Running '/Users/adrian/Library/Android/sdk/platform-tools/adb -P 5037 reconnect offline'
2026-03-17 11:12:00:889 [cbdb6867][ADB] Getting connected devices
2026-03-17 11:12:00:912 [cbdb6867][ADB] No connected devices have been detected
2026-03-17 11:12:00:912 [cbdb6867][ADB] Could not find online devices
2026-03-17 11:12:00:912 [cbdb6867][ADB] Reconnecting adb (target offline)
2026-03-17 11:12:00:912 [cbdb6867][ADB] Running '/Users/adrian/Library/Android/sdk/platform-tools/adb -P 5037 reconnect offline'
2026-03-17 11:12:01:129 [cbdb6867][ADB] Getting connected devices
2026-03-17 11:12:01:154 [cbdb6867][ADB] No connected devices have been detected
2026-03-17 11:12:01:154 [cbdb6867][ADB] Could not find online devices
2026-03-17 11:12:01:154 [cbdb6867][ADB] Reconnecting adb (target offline)
2026-03-17 11:12:01:154 [cbdb6867][ADB] Running '/Users/adrian/Library/Android/sdk/platform-tools/adb -P 5037 reconnect offline'
2026-03-17 11:12:01:373 [cbdb6867][ADB] Getting connected devices
2026-03-17 11:12:01:395 [cbdb6867][ADB] No connected devices have been detected
2026-03-17 11:12:01:395 [cbdb6867][ADB] Could not find online devices
2026-03-17 11:12:01:395 [cbdb6867][ADB] Reconnecting adb (target offline)
2026-03-17 11:12:01:395 [cbdb6867][ADB] Running '/Users/adrian/Library/Android/sdk/platform-tools/adb -P 5037 reconnect offline'
2026-03-17 11:12:01:610 [cbdb6867][ADB] Getting connected devices
2026-03-17 11:12:01:635 [cbdb6867][ADB] No connected devices have been detected
2026-03-17 11:12:01:635 [cbdb6867][ADB] Could not find online devices
2026-03-17 11:12:01:635 [cbdb6867][ADB] Reconnecting adb (target offline)
2026-03-17 11:12:01:635 [cbdb6867][ADB] Running '/Users/adrian/Library/Android/sdk/platform-tools/adb -P 5037 reconnect offline'
2026-03-17 11:12:01:853 [cbdb6867][ADB] Getting connected devices
2026-03-17 11:12:01:878 [cbdb6867][ADB] No connected devices have been detected
2026-03-17 11:12:01:878 [cbdb6867][ADB] Could not find online devices
2026-03-17 11:12:01:878 [cbdb6867][ADB] Reconnecting adb (target offline)
2026-03-17 11:12:01:878 [cbdb6867][ADB] Running '/Users/adrian/Library/Android/sdk/platform-tools/adb -P 5037 reconnect offline'
2026-03-17 11:12:02:095 [cbdb6867][ADB] Getting connected devices
2026-03-17 11:12:02:114 [cbdb6867][ADB] No connected devices have been detected
2026-03-17 11:12:02:115 [cbdb6867][ADB] Could not find online devices
2026-03-17 11:12:02:115 [cbdb6867][ADB] Reconnecting adb (target offline)
2026-03-17 11:12:02:115 [cbdb6867][ADB] Running '/Users/adrian/Library/Android/sdk/platform-tools/adb -P 5037 reconnect offline'
2026-03-17 11:12:02:330 [cbdb6867][ADB] Getting connected devices
2026-03-17 11:12:02:355 [cbdb6867][ADB] No connected devices have been detected
2026-03-17 11:12:02:355 [cbdb6867][ADB] Could not find online devices
2026-03-17 11:12:02:355 [cbdb6867][ADB] Reconnecting adb (target offline)
2026-03-17 11:12:02:355 [cbdb6867][ADB] Running '/Users/adrian/Library/Android/sdk/platform-tools/adb -P 5037 reconnect offline'
2026-03-17 11:12:02:573 [cbdb6867][ADB] Getting connected devices
2026-03-17 11:12:02:597 [cbdb6867][ADB] No connected devices have been detected
2026-03-17 11:12:02:597 [cbdb6867][ADB] Could not find online devices
2026-03-17 11:12:02:598 [cbdb6867][ADB] Reconnecting adb (target offline)
2026-03-17 11:12:02:598 [cbdb6867][ADB] Running '/Users/adrian/Library/Android/sdk/platform-tools/adb -P 5037 reconnect offline'
2026-03-17 11:12:02:815 [cbdb6867][ADB] Getting connected devices
2026-03-17 11:12:02:840 [cbdb6867][ADB] No connected devices have been detected
2026-03-17 11:12:02:840 [cbdb6867][ADB] Could not find online devices
2026-03-17 11:12:02:840 [cbdb6867][ADB] Reconnecting adb (target offline)
2026-03-17 11:12:02:840 [cbdb6867][ADB] Running '/Users/adrian/Library/Android/sdk/platform-tools/adb -P 5037 reconnect offline'
2026-03-17 11:12:03:057 [cbdb6867][ADB] Getting connected devices
2026-03-17 11:12:03:078 [cbdb6867][ADB] No connected devices have been detected
2026-03-17 11:12:03:078 [cbdb6867][ADB] Could not find online devices
2026-03-17 11:12:03:078 [cbdb6867][ADB] Reconnecting adb (target offline)
2026-03-17 11:12:03:078 [cbdb6867][ADB] Running '/Users/adrian/Library/Android/sdk/platform-tools/adb -P 5037 reconnect offline'
2026-03-17 11:12:03:293 [cbdb6867][ADB] Getting connected devices
2026-03-17 11:12:03:316 [cbdb6867][ADB] No connected devices have been detected
2026-03-17 11:12:03:316 [cbdb6867][ADB] Could not find online devices
2026-03-17 11:12:03:316 [cbdb6867][ADB] Reconnecting adb (target offline)
2026-03-17 11:12:03:316 [cbdb6867][ADB] Running '/Users/adrian/Library/Android/sdk/platform-tools/adb -P 5037 reconnect offline'
2026-03-17 11:12:03:531 [cbdb6867][ADB] Getting connected devices
2026-03-17 11:12:03:540 [cbdb6867][ADB] No connected devices have been detected
2026-03-17 11:12:03:540 [cbdb6867][ADB] Could not find online devices
2026-03-17 11:12:03:540 [cbdb6867][ADB] Reconnecting adb (target offline)
2026-03-17 11:12:03:540 [cbdb6867][ADB] Running '/Users/adrian/Library/Android/sdk/platform-tools/adb -P 5037 reconnect offline'
2026-03-17 11:12:03:749 [cbdb6867][ADB] Getting connected devices
2026-03-17 11:12:03:758 [cbdb6867][ADB] No connected devices have been detected
2026-03-17 11:12:03:758 [cbdb6867][ADB] Could not find online devices
2026-03-17 11:12:03:758 [cbdb6867][ADB] Reconnecting adb (target offline)
2026-03-17 11:12:03:758 [cbdb6867][ADB] Running '/Users/adrian/Library/Android/sdk/platform-tools/adb -P 5037 reconnect offline'
2026-03-17 11:12:03:967 [cbdb6867][ADB] Getting connected devices
2026-03-17 11:12:03:976 [cbdb6867][ADB] No connected devices have been detected
2026-03-17 11:12:03:976 [cbdb6867][ADB] Could not find online devices
2026-03-17 11:12:03:976 [cbdb6867][ADB] Reconnecting adb (target offline)
2026-03-17 11:12:03:976 [cbdb6867][ADB] Running '/Users/adrian/Library/Android/sdk/platform-tools/adb -P 5037 reconnect offline'
2026-03-17 11:12:04:186 [cbdb6867][ADB] Getting connected devices
2026-03-17 11:12:04:194 [cbdb6867][ADB] No connected devices have been detected
2026-03-17 11:12:04:195 [cbdb6867][ADB] Could not find online devices
2026-03-17 11:12:04:195 [cbdb6867][ADB] Reconnecting adb (target offline)
2026-03-17 11:12:04:195 [cbdb6867][ADB] Running '/Users/adrian/Library/Android/sdk/platform-tools/adb -P 5037 reconnect offline'
2026-03-17 11:12:04:404 [cbdb6867][ADB] Getting connected devices
2026-03-17 11:12:04:412 [cbdb6867][ADB] No connected devices have been detected
2026-03-17 11:12:04:412 [cbdb6867][ADB] Could not find online devices
2026-03-17 11:12:04:412 [cbdb6867][ADB] Reconnecting adb (target offline)
2026-03-17 11:12:04:412 [cbdb6867][ADB] Running '/Users/adrian/Library/Android/sdk/platform-tools/adb -P 5037 reconnect offline'
2026-03-17 11:12:04:621 [cbdb6867][ADB] Getting connected devices
2026-03-17 11:12:04:630 [cbdb6867][ADB] No connected devices have been detected
2026-03-17 11:12:04:630 [cbdb6867][ADB] Could not find online devices
2026-03-17 11:12:04:630 [cbdb6867][ADB] Reconnecting adb (target offline)
2026-03-17 11:12:04:630 [cbdb6867][ADB] Running '/Users/adrian/Library/Android/sdk/platform-tools/adb -P 5037 reconnect offline'
2026-03-17 11:12:04:839 [cbdb6867][ADB] Getting connected devices
2026-03-17 11:12:04:854 [cbdb6867][ADB] No connected devices have been detected
2026-03-17 11:12:04:854 [cbdb6867][ADB] Could not find online devices
2026-03-17 11:12:04:854 [cbdb6867][ADB] Reconnecting adb (target offline)
2026-03-17 11:12:04:854 [cbdb6867][ADB] Running '/Users/adrian/Library/Android/sdk/platform-tools/adb -P 5037 reconnect offline'
2026-03-17 11:12:05:067 [cbdb6867][ADB] Getting connected devices
2026-03-17 11:12:05:086 [cbdb6867][ADB] No connected devices have been detected
2026-03-17 11:12:05:086 [cbdb6867][ADB] Could not find online devices
2026-03-17 11:12:05:086 [cbdb6867][ADB] Reconnecting adb (target offline)
2026-03-17 11:12:05:086 [cbdb6867][ADB] Running '/Users/adrian/Library/Android/sdk/platform-tools/adb -P 5037 reconnect offline'
2026-03-17 11:12:05:301 [cbdb6867][ADB] Getting connected devices
2026-03-17 11:12:05:324 [cbdb6867][ADB] No connected devices have been detected
2026-03-17 11:12:05:324 [cbdb6867][ADB] Could not find online devices
2026-03-17 11:12:05:324 [cbdb6867][ADB] Reconnecting adb (target offline)
2026-03-17 11:12:05:324 [cbdb6867][ADB] Running '/Users/adrian/Library/Android/sdk/platform-tools/adb -P 5037 reconnect offline'
2026-03-17 11:12:05:541 [cbdb6867][ADB] Getting connected devices
2026-03-17 11:12:05:563 [cbdb6867][ADB] No connected devices have been detected
2026-03-17 11:12:05:563 [cbdb6867][ADB] Could not find online devices
2026-03-17 11:12:05:563 [cbdb6867][ADB] Reconnecting adb (target offline)
2026-03-17 11:12:05:563 [cbdb6867][ADB] Running '/Users/adrian/Library/Android/sdk/platform-tools/adb -P 5037 reconnect offline'
2026-03-17 11:12:05:779 [cbdb6867][ADB] Getting connected devices
2026-03-17 11:12:05:802 [cbdb6867][ADB] No connected devices have been detected
2026-03-17 11:12:05:802 [cbdb6867][ADB] Could not find online devices
2026-03-17 11:12:05:802 [cbdb6867][ADB] Reconnecting adb (target offline)
2026-03-17 11:12:05:802 [cbdb6867][ADB] Running '/Users/adrian/Library/Android/sdk/platform-tools/adb -P 5037 reconnect offline'
2026-03-17 11:12:06:019 [cbdb6867][ADB] Getting connected devices
2026-03-17 11:12:06:041 [cbdb6867][ADB] No connected devices have been detected
2026-03-17 11:12:06:041 [cbdb6867][ADB] Could not find online devices
2026-03-17 11:12:06:041 [cbdb6867][ADB] Reconnecting adb (target offline)
2026-03-17 11:12:06:041 [cbdb6867][ADB] Running '/Users/adrian/Library/Android/sdk/platform-tools/adb -P 5037 reconnect offline'
2026-03-17 11:12:06:256 [cbdb6867][ADB] Getting connected devices
2026-03-17 11:12:06:280 [cbdb6867][ADB] No connected devices have been detected
2026-03-17 11:12:06:280 [cbdb6867][ADB] Could not find online devices
2026-03-17 11:12:06:280 [cbdb6867][ADB] Reconnecting adb (target offline)
2026-03-17 11:12:06:280 [cbdb6867][ADB] Running '/Users/adrian/Library/Android/sdk/platform-tools/adb -P 5037 reconnect offline'
2026-03-17 11:12:06:495 [cbdb6867][ADB] Getting connected devices
2026-03-17 11:12:06:514 [cbdb6867][ADB] No connected devices have been detected
2026-03-17 11:12:06:514 [cbdb6867][ADB] Could not find online devices
2026-03-17 11:12:06:514 [cbdb6867][ADB] Reconnecting adb (target offline)
2026-03-17 11:12:06:514 [cbdb6867][ADB] Running '/Users/adrian/Library/Android/sdk/platform-tools/adb -P 5037 reconnect offline'
2026-03-17 11:12:06:728 [cbdb6867][ADB] Getting connected devices
2026-03-17 11:12:06:752 [cbdb6867][ADB] No connected devices have been detected
2026-03-17 11:12:06:752 [cbdb6867][ADB] Could not find online devices
2026-03-17 11:12:06:752 [cbdb6867][ADB] Reconnecting adb (target offline)
2026-03-17 11:12:06:752 [cbdb6867][ADB] Running '/Users/adrian/Library/Android/sdk/platform-tools/adb -P 5037 reconnect offline'
2026-03-17 11:12:06:968 [cbdb6867][ADB] Getting connected devices
2026-03-17 11:12:06:988 [cbdb6867][ADB] No connected devices have been detected
2026-03-17 11:12:06:988 [cbdb6867][ADB] Could not find online devices
2026-03-17 11:12:06:988 [cbdb6867][ADB] Reconnecting adb (target offline)
2026-03-17 11:12:06:988 [cbdb6867][ADB] Running '/Users/adrian/Library/Android/sdk/platform-tools/adb -P 5037 reconnect offline'
2026-03-17 11:12:07:203 [cbdb6867][ADB] Getting connected devices
2026-03-17 11:12:07:227 [cbdb6867][ADB] No connected devices have been detected
2026-03-17 11:12:07:227 [cbdb6867][ADB] Could not find online devices
2026-03-17 11:12:07:227 [cbdb6867][ADB] Reconnecting adb (target offline)
2026-03-17 11:12:07:227 [cbdb6867][ADB] Running '/Users/adrian/Library/Android/sdk/platform-tools/adb -P 5037 reconnect offline'
2026-03-17 11:12:07:442 [cbdb6867][ADB] Getting connected devices
2026-03-17 11:12:07:467 [cbdb6867][ADB] No connected devices have been detected
2026-03-17 11:12:07:467 [cbdb6867][ADB] Could not find online devices
2026-03-17 11:12:07:467 [cbdb6867][ADB] Reconnecting adb (target offline)
2026-03-17 11:12:07:467 [cbdb6867][ADB] Running '/Users/adrian/Library/Android/sdk/platform-tools/adb -P 5037 reconnect offline'
2026-03-17 11:12:07:684 [cbdb6867][ADB] Getting connected devices
2026-03-17 11:12:07:704 [cbdb6867][ADB] No connected devices have been detected
2026-03-17 11:12:07:704 [cbdb6867][ADB] Could not find online devices
2026-03-17 11:12:07:704 [cbdb6867][ADB] Reconnecting adb (target offline)
2026-03-17 11:12:07:704 [cbdb6867][ADB] Running '/Users/adrian/Library/Android/sdk/platform-tools/adb -P 5037 reconnect offline'
2026-03-17 11:12:07:918 [cbdb6867][ADB] Getting connected devices
2026-03-17 11:12:07:942 [cbdb6867][ADB] No connected devices have been detected
2026-03-17 11:12:07:942 [cbdb6867][ADB] Could not find online devices
2026-03-17 11:12:07:942 [cbdb6867][ADB] Reconnecting adb (target offline)
2026-03-17 11:12:07:942 [cbdb6867][ADB] Running '/Users/adrian/Library/Android/sdk/platform-tools/adb -P 5037 reconnect offline'
2026-03-17 11:12:08:160 [cbdb6867][ADB] Getting connected devices
2026-03-17 11:12:08:185 [cbdb6867][ADB] No connected devices have been detected
2026-03-17 11:12:08:185 [cbdb6867][ADB] Could not find online devices
2026-03-17 11:12:08:185 [cbdb6867][ADB] Reconnecting adb (target offline)
2026-03-17 11:12:08:185 [cbdb6867][ADB] Running '/Users/adrian/Library/Android/sdk/platform-tools/adb -P 5037 reconnect offline'
2026-03-17 11:12:08:403 [cbdb6867][ADB] Getting connected devices
2026-03-17 11:12:08:426 [cbdb6867][ADB] No connected devices have been detected
2026-03-17 11:12:08:426 [cbdb6867][ADB] Could not find online devices
2026-03-17 11:12:08:426 [cbdb6867][ADB] Reconnecting adb (target offline)
2026-03-17 11:12:08:426 [cbdb6867][ADB] Running '/Users/adrian/Library/Android/sdk/platform-tools/adb -P 5037 reconnect offline'
2026-03-17 11:12:08:642 [cbdb6867][ADB] Getting connected devices
2026-03-17 11:12:08:667 [cbdb6867][ADB] No connected devices have been detected
2026-03-17 11:12:08:667 [cbdb6867][ADB] Could not find online devices
2026-03-17 11:12:08:667 [cbdb6867][ADB] Reconnecting adb (target offline)
2026-03-17 11:12:08:667 [cbdb6867][ADB] Running '/Users/adrian/Library/Android/sdk/platform-tools/adb -P 5037 reconnect offline'
2026-03-17 11:12:08:884 [cbdb6867][ADB] Getting connected devices
2026-03-17 11:12:08:904 [cbdb6867][ADB] No connected devices have been detected
2026-03-17 11:12:08:904 [cbdb6867][ADB] Could not find online devices
2026-03-17 11:12:08:904 [cbdb6867][ADB] Reconnecting adb (target offline)
2026-03-17 11:12:08:904 [cbdb6867][ADB] Running '/Users/adrian/Library/Android/sdk/platform-tools/adb -P 5037 reconnect offline'
2026-03-17 11:12:09:118 [cbdb6867][ADB] Getting connected devices
2026-03-17 11:12:09:143 [cbdb6867][ADB] No connected devices have been detected
2026-03-17 11:12:09:144 [cbdb6867][ADB] Could not find online devices
2026-03-17 11:12:09:144 [cbdb6867][ADB] Reconnecting adb (target offline)
2026-03-17 11:12:09:144 [cbdb6867][ADB] Running '/Users/adrian/Library/Android/sdk/platform-tools/adb -P 5037 reconnect offline'
2026-03-17 11:12:09:362 [cbdb6867][ADB] Getting connected devices
2026-03-17 11:12:09:387 [cbdb6867][ADB] No connected devices have been detected
2026-03-17 11:12:09:387 [cbdb6867][ADB] Could not find online devices
2026-03-17 11:12:09:387 [cbdb6867][ADB] Reconnecting adb (target offline)
2026-03-17 11:12:09:387 [cbdb6867][ADB] Running '/Users/adrian/Library/Android/sdk/platform-tools/adb -P 5037 reconnect offline'
2026-03-17 11:12:09:604 [cbdb6867][ADB] Getting connected devices
2026-03-17 11:12:09:630 [cbdb6867][ADB] No connected devices have been detected
2026-03-17 11:12:09:630 [cbdb6867][ADB] Could not find online devices
2026-03-17 11:12:09:630 [cbdb6867][ADB] Reconnecting adb (target offline)
2026-03-17 11:12:09:630 [cbdb6867][ADB] Running '/Users/adrian/Library/Android/sdk/platform-tools/adb -P 5037 reconnect offline'
2026-03-17 11:12:09:847 [cbdb6867][ADB] Getting connected devices
2026-03-17 11:12:09:872 [cbdb6867][ADB] No connected devices have been detected
2026-03-17 11:12:09:872 [cbdb6867][ADB] Could not find online devices
2026-03-17 11:12:09:872 [cbdb6867][ADB] Reconnecting adb (target offline)
2026-03-17 11:12:09:872 [cbdb6867][ADB] Running '/Users/adrian/Library/Android/sdk/platform-tools/adb -P 5037 reconnect offline'
2026-03-17 11:12:10:089 [cbdb6867][ADB] Getting connected devices
2026-03-17 11:12:10:113 [cbdb6867][ADB] No connected devices have been detected
2026-03-17 11:12:10:113 [cbdb6867][ADB] Could not find online devices
2026-03-17 11:12:10:113 [cbdb6867][ADB] Reconnecting adb (target offline)
2026-03-17 11:12:10:113 [cbdb6867][ADB] Running '/Users/adrian/Library/Android/sdk/platform-tools/adb -P 5037 reconnect offline'
2026-03-17 11:12:10:329 [cbdb6867][ADB] Getting connected devices
2026-03-17 11:12:10:353 [cbdb6867][ADB] No connected devices have been detected
2026-03-17 11:12:10:353 [cbdb6867][ADB] Could not find online devices
2026-03-17 11:12:10:353 [cbdb6867][ADB] Reconnecting adb (target offline)
2026-03-17 11:12:10:354 [cbdb6867][ADB] Running '/Users/adrian/Library/Android/sdk/platform-tools/adb -P 5037 reconnect offline'
2026-03-17 11:12:10:572 [cbdb6867][ADB] Getting connected devices
2026-03-17 11:12:10:591 [cbdb6867][ADB] No connected devices have been detected
2026-03-17 11:12:10:591 [cbdb6867][ADB] Could not find online devices
2026-03-17 11:12:10:591 [cbdb6867][ADB] Reconnecting adb (target offline)
2026-03-17 11:12:10:591 [cbdb6867][ADB] Running '/Users/adrian/Library/Android/sdk/platform-tools/adb -P 5037 reconnect offline'
2026-03-17 11:12:10:805 [cbdb6867][ADB] Getting connected devices
2026-03-17 11:12:10:830 [cbdb6867][ADB] No connected devices have been detected
2026-03-17 11:12:10:830 [cbdb6867][ADB] Could not find online devices
2026-03-17 11:12:10:830 [cbdb6867][ADB] Reconnecting adb (target offline)
2026-03-17 11:12:10:830 [cbdb6867][ADB] Running '/Users/adrian/Library/Android/sdk/platform-tools/adb -P 5037 reconnect offline'
2026-03-17 11:12:11:048 [cbdb6867][ADB] Getting connected devices
2026-03-17 11:12:11:069 [cbdb6867][ADB] No connected devices have been detected
2026-03-17 11:12:11:069 [cbdb6867][ADB] Could not find online devices
2026-03-17 11:12:11:069 [cbdb6867][ADB] Reconnecting adb (target offline)
2026-03-17 11:12:11:069 [cbdb6867][ADB] Running '/Users/adrian/Library/Android/sdk/platform-tools/adb -P 5037 reconnect offline'
2026-03-17 11:12:11:286 [cbdb6867][ADB] Getting connected devices
2026-03-17 11:12:11:310 [cbdb6867][ADB] No connected devices have been detected
2026-03-17 11:12:11:310 [cbdb6867][ADB] Could not find online devices
2026-03-17 11:12:11:310 [cbdb6867][ADB] Reconnecting adb (target offline)
2026-03-17 11:12:11:310 [cbdb6867][ADB] Running '/Users/adrian/Library/Android/sdk/platform-tools/adb -P 5037 reconnect offline'
2026-03-17 11:12:11:526 [cbdb6867][ADB] Getting connected devices
2026-03-17 11:12:11:549 [cbdb6867][ADB] No connected devices have been detected
2026-03-17 11:12:11:550 [cbdb6867][ADB] Could not find online devices
2026-03-17 11:12:11:550 [cbdb6867][ADB] Reconnecting adb (target offline)
2026-03-17 11:12:11:550 [cbdb6867][ADB] Running '/Users/adrian/Library/Android/sdk/platform-tools/adb -P 5037 reconnect offline'
2026-03-17 11:12:11:765 [cbdb6867][ADB] Getting connected devices
2026-03-17 11:12:11:790 [cbdb6867][ADB] No connected devices have been detected
2026-03-17 11:12:11:791 [cbdb6867][ADB] Could not find online devices
2026-03-17 11:12:11:791 [cbdb6867][ADB] Reconnecting adb (target offline)
2026-03-17 11:12:11:791 [cbdb6867][ADB] Running '/Users/adrian/Library/Android/sdk/platform-tools/adb -P 5037 reconnect offline'
2026-03-17 11:12:12:008 [cbdb6867][ADB] Getting connected devices
2026-03-17 11:12:12:032 [cbdb6867][ADB] No connected devices have been detected
2026-03-17 11:12:12:033 [cbdb6867][ADB] Could not find online devices
2026-03-17 11:12:12:033 [cbdb6867][ADB] Reconnecting adb (target offline)
2026-03-17 11:12:12:033 [cbdb6867][ADB] Running '/Users/adrian/Library/Android/sdk/platform-tools/adb -P 5037 reconnect offline'
2026-03-17 11:12:12:250 [cbdb6867][ADB] Getting connected devices
2026-03-17 11:12:12:275 [cbdb6867][ADB] No connected devices have been detected
2026-03-17 11:12:12:275 [cbdb6867][ADB] Could not find online devices
2026-03-17 11:12:12:275 [cbdb6867][ADB] Reconnecting adb (target offline)
2026-03-17 11:12:12:275 [cbdb6867][ADB] Running '/Users/adrian/Library/Android/sdk/platform-tools/adb -P 5037 reconnect offline'
2026-03-17 11:12:12:493 [cbdb6867][ADB] Getting connected devices
2026-03-17 11:12:12:516 [cbdb6867][ADB] No connected devices have been detected
2026-03-17 11:12:12:516 [cbdb6867][ADB] Could not find online devices
2026-03-17 11:12:12:516 [cbdb6867][ADB] Reconnecting adb (target offline)
2026-03-17 11:12:12:516 [cbdb6867][ADB] Running '/Users/adrian/Library/Android/sdk/platform-tools/adb -P 5037 reconnect offline'
2026-03-17 11:12:12:733 [cbdb6867][ADB] Getting connected devices
2026-03-17 11:12:12:754 [cbdb6867][ADB] No connected devices have been detected
2026-03-17 11:12:12:754 [cbdb6867][ADB] Could not find online devices
2026-03-17 11:12:12:754 [cbdb6867][ADB] Reconnecting adb (target offline)
2026-03-17 11:12:12:755 [cbdb6867][ADB] Running '/Users/adrian/Library/Android/sdk/platform-tools/adb -P 5037 reconnect offline'
2026-03-17 11:12:12:970 [cbdb6867][ADB] Getting connected devices
2026-03-17 11:12:12:994 [cbdb6867][ADB] No connected devices have been detected
2026-03-17 11:12:12:994 [cbdb6867][ADB] Could not find online devices
2026-03-17 11:12:12:994 [cbdb6867][ADB] Reconnecting adb (target offline)
2026-03-17 11:12:12:994 [cbdb6867][ADB] Running '/Users/adrian/Library/Android/sdk/platform-tools/adb -P 5037 reconnect offline'
2026-03-17 11:12:13:211 [cbdb6867][ADB] Getting connected devices
2026-03-17 11:12:13:234 [cbdb6867][ADB] No connected devices have been detected
2026-03-17 11:12:13:234 [cbdb6867][ADB] Could not find online devices
2026-03-17 11:12:13:234 [cbdb6867][ADB] Reconnecting adb (target offline)
2026-03-17 11:12:13:234 [cbdb6867][ADB] Running '/Users/adrian/Library/Android/sdk/platform-tools/adb -P 5037 reconnect offline'
2026-03-17 11:12:13:451 [cbdb6867][ADB] Getting connected devices
2026-03-17 11:12:13:475 [cbdb6867][ADB] No connected devices have been detected
2026-03-17 11:12:13:475 [cbdb6867][ADB] Could not find online devices
2026-03-17 11:12:13:476 [cbdb6867][ADB] Reconnecting adb (target offline)
2026-03-17 11:12:13:476 [cbdb6867][ADB] Running '/Users/adrian/Library/Android/sdk/platform-tools/adb -P 5037 reconnect offline'
2026-03-17 11:12:13:692 [cbdb6867][ADB] Getting connected devices
2026-03-17 11:12:13:717 [cbdb6867][ADB] No connected devices have been detected
2026-03-17 11:12:13:717 [cbdb6867][ADB] Could not find online devices
2026-03-17 11:12:13:717 [cbdb6867][ADB] Reconnecting adb (target offline)
2026-03-17 11:12:13:717 [cbdb6867][ADB] Running '/Users/adrian/Library/Android/sdk/platform-tools/adb -P 5037 reconnect offline'
2026-03-17 11:12:13:809 [cbdb6867][ADB] Getting connected devices
2026-03-17 11:12:13:830 [cbdb6867][ADB] No connected devices have been detected
2026-03-17 11:12:13:830 [cbdb6867][ADB] Could not find online devices
2026-03-17 11:12:13:831 [cbdb6867][ADB] Reconnecting adb (target offline)
2026-03-17 11:12:13:831 [cbdb6867][ADB] Running '/Users/adrian/Library/Android/sdk/platform-tools/adb -P 5037 reconnect offline'
2026-03-17 11:12:13:846 [cbdb6867][38;5;-51m[AndroidUiautomator2Driver@cd43] Deleting UiAutomator2 session
2026-03-17 11:12:13:846 [cbdb6867][AppiumDriver@6e41] Event 'newSessionStarted' logged at 1773745933846 (12:12:13 GMT+0100 (Central European Standard Time))
2026-03-17 11:12:13:846 [cbdb6867][AppiumDriver@6e41] Encountered internal error running command: Error: Could not find a connected Android device in 20000ms
    at ADB.getDevicesWithRetry (/Users/adrian/.appium/node_modules/appium-uiautomator2-driver/node_modules/appium-adb/build/lib/tools/system-calls.js:360:19)
    at process.processTicksAndRejections (node:internal/process/task_queues:104:5)
    at async AndroidUiautomator2Driver.getDeviceInfoFromCaps (/Users/adrian/.appium/node_modules/appium-uiautomator2-driver/node_modules/appium-android-driver/build/lib/commands/device/common.js:76:25)
    at async AndroidUiautomator2Driver.createSession (/Users/adrian/.appium/node_modules/appium-uiautomator2-driver/build/lib/driver.js:211:38)
    at async AppiumDriver.createSession (/Users/adrian/.nvm/versions/node/v24.14.0/lib/node_modules/appium/build/lib/appium.js:324:43)
2026-03-17 11:12:13:849 [cbdb6867][HTTP] <-- POST /session 500 20071 ms - 1328
2026-03-17 11:12:13:849 [HTTP] --> POST /session {"capabilities":{"firstMatch":[{}],"alwaysMatch":{"platformName":"Android","appium:deviceName":"Android Emulator","appium:automationName":"UiAutomator2","appium:appPackage":"com.android.settings","appium:appActivity":".Settings"}},"desiredCapabilities":{"platformName":"Android","appium:deviceName":"Android Emulator","appium:automationName":"UiAutomator2","appium:appPackage":"com.android.settings","appium:appActivity":".Settings"}}
2026-03-17 11:12:13:849 [BaseDriver] The following arguments are not known and will be ignored: desiredCapabilities
2026-03-17 11:12:13:850 [AppiumDriver@6e41] Calling AppiumDriver.createSession() with args: [{"firstMatch":[{}],"alwaysMatch":{"platformName":"Android","appium:deviceName":"Android Emulator","appium:automationName":"UiAutomator2","appium:appPackage":"com.android.settings","appium:appActivity":".Settings"}},{"firstMatch":[{}],"alwaysMatch":{"platformName":"Android","appium:deviceName":"Android Emulator","appium:automationName":"UiAutomator2","appium:appPackage":"com.android.settings","appium:appActivity":".Settings"}},{"firstMatch":[{}],"alwaysMatch":{"platformName":"Android","appium:deviceName":"Android Emulator","appium:automationName":"UiAutomator2","appium:appPackage":"com.android.settings","appium:appActivity":".Settings"}}]
2026-03-17 11:12:13:850 [AppiumDriver@6e41] Event 'newSessionRequested' logged at 1773745933850 (12:12:13 GMT+0100 (Central European Standard Time))
2026-03-17 11:12:13:850 [Appium] Attempting to find matching driver for automationName 'UiAutomator2' and platformName 'Android'
2026-03-17 11:12:13:850 [Appium] The 'uiautomator2' driver was installed and matched caps.
2026-03-17 11:12:13:850 [Appium] Will require it at /Users/adrian/.appium/node_modules/appium-uiautomator2-driver
2026-03-17 11:12:13:850 [Appium] Requiring driver at /Users/adrian/.appium/node_modules/appium-uiautomator2-driver/build/lib/index.js
2026-03-17 11:12:13:850 [AppiumDriver@6e41] Appium v3.2.2 creating new AndroidUiautomator2Driver (v6.9.3) session
2026-03-17 11:12:13:850 [AppiumDriver@6e41] Checking BaseDriver versions for Appium and AndroidUiautomator2Driver
2026-03-17 11:12:13:851 [AppiumDriver@6e41] Appium's BaseDriver version is 10.2.2
2026-03-17 11:12:13:851 [AppiumDriver@6e41] AndroidUiautomator2Driver's BaseDriver version is 10.2.2
2026-03-17 11:12:13:851 [38;5;-133m[AndroidUiautomator2Driver@1c2d] 
2026-03-17 11:12:13:851 [38;5;-133m[AndroidUiautomator2Driver@1c2d] Creating session with W3C capabilities: {
  "alwaysMatch": {
    "platformName": "Android",
    "appium:deviceName": "Android Emulator",
    "appium:automationName": "UiAutomator2",
    "appium:appPackage": "com.android.settings",
    "appium:appActivity": ".Settings"
  },
  "firstMatch": [
    {}
  ]
}
2026-03-17 11:12:13:852 [2512e24d][38;5;-133m[AndroidUiautomator2Driver@1c2d] Session created with session id: 2512e24d-073f-4397-8fe7-33f9a708542a
2026-03-17 11:12:13:853 [2512e24d][ADB] Using 'adb' from '/Users/adrian/Library/Android/sdk/platform-tools/adb'
2026-03-17 11:12:13:853 [2512e24d][ADB] Running '/Users/adrian/Library/Android/sdk/platform-tools/adb -P 5037 start-server'
2026-03-17 11:12:13:863 [2512e24d][38;5;-133m[AndroidUiautomator2Driver@1c2d] Retrieving device list
2026-03-17 11:12:13:863 [2512e24d][ADB] Trying to find connected Android devices
2026-03-17 11:12:13:863 [2512e24d][ADB] Getting connected devices
2026-03-17 11:12:13:872 [2512e24d][ADB] No connected devices have been detected
2026-03-17 11:12:13:872 [2512e24d][ADB] Could not find online devices
2026-03-17 11:12:13:872 [2512e24d][ADB] Reconnecting adb (target offline)
2026-03-17 11:12:13:872 [2512e24d][ADB] Running '/Users/adrian/Library/Android/sdk/platform-tools/adb -P 5037 reconnect offline'
2026-03-17 11:12:14:083 [2512e24d][ADB] Getting connected devices
2026-03-17 11:12:14:105 [2512e24d][ADB] No connected devices have been detected
2026-03-17 11:12:14:105 [2512e24d][ADB] Could not find online devices
2026-03-17 11:12:14:105 [2512e24d][ADB] Reconnecting adb (target offline)
2026-03-17 11:12:14:105 [2512e24d][ADB] Running '/Users/adrian/Library/Android/sdk/platform-tools/adb -P 5037 reconnect offline'
2026-03-17 11:12:14:321 [2512e24d][ADB] Getting connected devices
2026-03-17 11:12:14:340 [2512e24d][ADB] No connected devices have been detected
2026-03-17 11:12:14:340 [2512e24d][ADB] Could not find online devices
2026-03-17 11:12:14:340 [2512e24d][ADB] Reconnecting adb (target offline)
2026-03-17 11:12:14:341 [2512e24d][ADB] Running '/Users/adrian/Library/Android/sdk/platform-tools/adb -P 5037 reconnect offline'
2026-03-17 11:12:14:554 [2512e24d][ADB] Getting connected devices
2026-03-17 11:12:14:579 [2512e24d][ADB] No connected devices have been detected
2026-03-17 11:12:14:579 [2512e24d][ADB] Could not find online devices
2026-03-17 11:12:14:579 [2512e24d][ADB] Reconnecting adb (target offline)
2026-03-17 11:12:14:579 [2512e24d][ADB] Running '/Users/adrian/Library/Android/sdk/platform-tools/adb -P 5037 reconnect offline'
2026-03-17 11:12:14:797 [2512e24d][ADB] Getting connected devices
2026-03-17 11:12:14:819 [2512e24d][ADB] No connected devices have been detected
2026-03-17 11:12:14:819 [2512e24d][ADB] Could not find online devices
2026-03-17 11:12:14:819 [2512e24d][ADB] Reconnecting adb (target offline)
2026-03-17 11:12:14:819 [2512e24d][ADB] Running '/Users/adrian/Library/Android/sdk/platform-tools/adb -P 5037 reconnect offline'
2026-03-17 11:12:15:035 [2512e24d][ADB] Getting connected devices
2026-03-17 11:12:15:061 [2512e24d][ADB] No connected devices have been detected
2026-03-17 11:12:15:061 [2512e24d][ADB] Could not find online devices
2026-03-17 11:12:15:061 [2512e24d][ADB] Reconnecting adb (target offline)
2026-03-17 11:12:15:061 [2512e24d][ADB] Running '/Users/adrian/Library/Android/sdk/platform-tools/adb -P 5037 reconnect offline'
2026-03-17 11:12:15:280 [2512e24d][ADB] Getting connected devices
2026-03-17 11:12:15:299 [2512e24d][ADB] No connected devices have been detected
2026-03-17 11:12:15:299 [2512e24d][ADB] Could not find online devices
2026-03-17 11:12:15:299 [2512e24d][ADB] Reconnecting adb (target offline)
2026-03-17 11:12:15:299 [2512e24d][ADB] Running '/Users/adrian/Library/Android/sdk/platform-tools/adb -P 5037 reconnect offline'
2026-03-17 11:12:15:513 [2512e24d][ADB] Getting connected devices
2026-03-17 11:12:15:533 [2512e24d][ADB] No connected devices have been detected
2026-03-17 11:12:15:533 [2512e24d][ADB] Could not find online devices
2026-03-17 11:12:15:533 [2512e24d][ADB] Reconnecting adb (target offline)
2026-03-17 11:12:15:533 [2512e24d][ADB] Running '/Users/adrian/Library/Android/sdk/platform-tools/adb -P 5037 reconnect offline'
2026-03-17 11:12:15:747 [2512e24d][ADB] Getting connected devices
2026-03-17 11:12:15:771 [2512e24d][ADB] No connected devices have been detected
2026-03-17 11:12:15:771 [2512e24d][ADB] Could not find online devices
2026-03-17 11:12:15:771 [2512e24d][ADB] Reconnecting adb (target offline)
2026-03-17 11:12:15:771 [2512e24d][ADB] Running '/Users/adrian/Library/Android/sdk/platform-tools/adb -P 5037 reconnect offline'
2026-03-17 11:12:15:988 [2512e24d][ADB] Getting connected devices
2026-03-17 11:12:16:007 [2512e24d][ADB] No connected devices have been detected
2026-03-17 11:12:16:007 [2512e24d][ADB] Could not find online devices
2026-03-17 11:12:16:007 [2512e24d][ADB] Reconnecting adb (target offline)
2026-03-17 11:12:16:007 [2512e24d][ADB] Running '/Users/adrian/Library/Android/sdk/platform-tools/adb -P 5037 reconnect offline'
2026-03-17 11:12:16:222 [2512e24d][ADB] Getting connected devices
2026-03-17 11:12:16:247 [2512e24d][ADB] No connected devices have been detected
2026-03-17 11:12:16:248 [2512e24d][ADB] Could not find online devices
2026-03-17 11:12:16:248 [2512e24d][ADB] Reconnecting adb (target offline)
2026-03-17 11:12:16:248 [2512e24d][ADB] Running '/Users/adrian/Library/Android/sdk/platform-tools/adb -P 5037 reconnect offline'
2026-03-17 11:12:16:465 [2512e24d][ADB] Getting connected devices
2026-03-17 11:12:16:489 [2512e24d][ADB] No connected devices have been detected
2026-03-17 11:12:16:489 [2512e24d][ADB] Could not find online devices
2026-03-17 11:12:16:489 [2512e24d][ADB] Reconnecting adb (target offline)
2026-03-17 11:12:16:489 [2512e24d][ADB] Running '/Users/adrian/Library/Android/sdk/platform-tools/adb -P 5037 reconnect offline'
2026-03-17 11:12:16:705 [2512e24d][ADB] Getting connected devices
2026-03-17 11:12:16:730 [2512e24d][ADB] No connected devices have been detected
2026-03-17 11:12:16:730 [2512e24d][ADB] Could not find online devices
2026-03-17 11:12:16:730 [2512e24d][ADB] Reconnecting adb (target offline)
2026-03-17 11:12:16:730 [2512e24d][ADB] Running '/Users/adrian/Library/Android/sdk/platform-tools/adb -P 5037 reconnect offline'
2026-03-17 11:12:16:947 [2512e24d][ADB] Getting connected devices
2026-03-17 11:12:16:972 [2512e24d][ADB] No connected devices have been detected
2026-03-17 11:12:16:972 [2512e24d][ADB] Could not find online devices
2026-03-17 11:12:16:972 [2512e24d][ADB] Reconnecting adb (target offline)
2026-03-17 11:12:16:972 [2512e24d][ADB] Running '/Users/adrian/Library/Android/sdk/platform-tools/adb -P 5037 reconnect offline'
2026-03-17 11:12:17:189 [2512e24d][ADB] Getting connected devices
2026-03-17 11:12:17:213 [2512e24d][ADB] No connected devices have been detected
2026-03-17 11:12:17:213 [2512e24d][ADB] Could not find online devices
2026-03-17 11:12:17:213 [2512e24d][ADB] Reconnecting adb (target offline)
2026-03-17 11:12:17:214 [2512e24d][ADB] Running '/Users/adrian/Library/Android/sdk/platform-tools/adb -P 5037 reconnect offline'
2026-03-17 11:12:17:430 [2512e24d][ADB] Getting connected devices
2026-03-17 11:12:17:456 [2512e24d][ADB] No connected devices have been detected
2026-03-17 11:12:17:456 [2512e24d][ADB] Could not find online devices
2026-03-17 11:12:17:456 [2512e24d][ADB] Reconnecting adb (target offline)
2026-03-17 11:12:17:456 [2512e24d][ADB] Running '/Users/adrian/Library/Android/sdk/platform-tools/adb -P 5037 reconnect offline'
2026-03-17 11:12:17:674 [2512e24d][ADB] Getting connected devices
2026-03-17 11:12:17:698 [2512e24d][ADB] No connected devices have been detected
2026-03-17 11:12:17:698 [2512e24d][ADB] Could not find online devices
2026-03-17 11:12:17:698 [2512e24d][ADB] Reconnecting adb (target offline)
2026-03-17 11:12:17:698 [2512e24d][ADB] Running '/Users/adrian/Library/Android/sdk/platform-tools/adb -P 5037 reconnect offline'
2026-03-17 11:12:17:915 [2512e24d][ADB] Getting connected devices
2026-03-17 11:12:17:939 [2512e24d][ADB] No connected devices have been detected
2026-03-17 11:12:17:939 [2512e24d][ADB] Could not find online devices
2026-03-17 11:12:17:939 [2512e24d][ADB] Reconnecting adb (target offline)
2026-03-17 11:12:17:939 [2512e24d][ADB] Running '/Users/adrian/Library/Android/sdk/platform-tools/adb -P 5037 reconnect offline'
2026-03-17 11:12:18:156 [2512e24d][ADB] Getting connected devices
2026-03-17 11:12:18:181 [2512e24d][ADB] No connected devices have been detected
2026-03-17 11:12:18:181 [2512e24d][ADB] Could not find online devices
2026-03-17 11:12:18:181 [2512e24d][ADB] Reconnecting adb (target offline)
2026-03-17 11:12:18:181 [2512e24d][ADB] Running '/Users/adrian/Library/Android/sdk/platform-tools/adb -P 5037 reconnect offline'
2026-03-17 11:12:18:398 [2512e24d][ADB] Getting connected devices
2026-03-17 11:12:18:423 [2512e24d][ADB] No connected devices have been detected
2026-03-17 11:12:18:423 [2512e24d][ADB] Could not find online devices
2026-03-17 11:12:18:423 [2512e24d][ADB] Reconnecting adb (target offline)
2026-03-17 11:12:18:423 [2512e24d][ADB] Running '/Users/adrian/Library/Android/sdk/platform-tools/adb -P 5037 reconnect offline'
2026-03-17 11:12:18:640 [2512e24d][ADB] Getting connected devices
2026-03-17 11:12:18:664 [2512e24d][ADB] No connected devices have been detected
2026-03-17 11:12:18:664 [2512e24d][ADB] Could not find online devices
2026-03-17 11:12:18:664 [2512e24d][ADB] Reconnecting adb (target offline)
2026-03-17 11:12:18:664 [2512e24d][ADB] Running '/Users/adrian/Library/Android/sdk/platform-tools/adb -P 5037 reconnect offline'
2026-03-17 11:12:18:880 [2512e24d][ADB] Getting connected devices
2026-03-17 11:12:18:905 [2512e24d][ADB] No connected devices have been detected
2026-03-17 11:12:18:905 [2512e24d][ADB] Could not find online devices
2026-03-17 11:12:18:905 [2512e24d][ADB] Reconnecting adb (target offline)
2026-03-17 11:12:18:905 [2512e24d][ADB] Running '/Users/adrian/Library/Android/sdk/platform-tools/adb -P 5037 reconnect offline'
2026-03-17 11:12:19:122 [2512e24d][ADB] Getting connected devices
2026-03-17 11:12:19:147 [2512e24d][ADB] No connected devices have been detected
2026-03-17 11:12:19:147 [2512e24d][ADB] Could not find online devices
2026-03-17 11:12:19:147 [2512e24d][ADB] Reconnecting adb (target offline)
2026-03-17 11:12:19:147 [2512e24d][ADB] Running '/Users/adrian/Library/Android/sdk/platform-tools/adb -P 5037 reconnect offline'
2026-03-17 11:12:19:363 [2512e24d][ADB] Getting connected devices
2026-03-17 11:12:19:388 [2512e24d][ADB] No connected devices have been detected
2026-03-17 11:12:19:388 [2512e24d][ADB] Could not find online devices
2026-03-17 11:12:19:388 [2512e24d][ADB] Reconnecting adb (target offline)
2026-03-17 11:12:19:388 [2512e24d][ADB] Running '/Users/adrian/Library/Android/sdk/platform-tools/adb -P 5037 reconnect offline'
2026-03-17 11:12:19:606 [2512e24d][ADB] Getting connected devices
2026-03-17 11:12:19:631 [2512e24d][ADB] No connected devices have been detected
2026-03-17 11:12:19:631 [2512e24d][ADB] Could not find online devices
2026-03-17 11:12:19:631 [2512e24d][ADB] Reconnecting adb (target offline)
2026-03-17 11:12:19:631 [2512e24d][ADB] Running '/Users/adrian/Library/Android/sdk/platform-tools/adb -P 5037 reconnect offline'
2026-03-17 11:12:19:847 [2512e24d][ADB] Getting connected devices
2026-03-17 11:12:19:872 [2512e24d][ADB] No connected devices have been detected
2026-03-17 11:12:19:872 [2512e24d][ADB] Could not find online devices
2026-03-17 11:12:19:872 [2512e24d][ADB] Reconnecting adb (target offline)
2026-03-17 11:12:19:872 [2512e24d][ADB] Running '/Users/adrian/Library/Android/sdk/platform-tools/adb -P 5037 reconnect offline'
2026-03-17 11:12:20:089 [2512e24d][ADB] Getting connected devices
2026-03-17 11:12:20:113 [2512e24d][ADB] No connected devices have been detected
2026-03-17 11:12:20:113 [2512e24d][ADB] Could not find online devices
2026-03-17 11:12:20:113 [2512e24d][ADB] Reconnecting adb (target offline)
2026-03-17 11:12:20:113 [2512e24d][ADB] Running '/Users/adrian/Library/Android/sdk/platform-tools/adb -P 5037 reconnect offline'
2026-03-17 11:12:20:331 [2512e24d][ADB] Getting connected devices
2026-03-17 11:12:20:354 [2512e24d][ADB] No connected devices have been detected
2026-03-17 11:12:20:354 [2512e24d][ADB] Could not find online devices
2026-03-17 11:12:20:354 [2512e24d][ADB] Reconnecting adb (target offline)
2026-03-17 11:12:20:354 [2512e24d][ADB] Running '/Users/adrian/Library/Android/sdk/platform-tools/adb -P 5037 reconnect offline'
2026-03-17 11:12:20:572 [2512e24d][ADB] Getting connected devices
2026-03-17 11:12:20:598 [2512e24d][ADB] No connected devices have been detected
2026-03-17 11:12:20:599 [2512e24d][ADB] Could not find online devices
2026-03-17 11:12:20:599 [2512e24d][ADB] Reconnecting adb (target offline)
2026-03-17 11:12:20:599 [2512e24d][ADB] Running '/Users/adrian/Library/Android/sdk/platform-tools/adb -P 5037 reconnect offline'
2026-03-17 11:12:20:815 [2512e24d][ADB] Getting connected devices
2026-03-17 11:12:20:825 [2512e24d][ADB] No connected devices have been detected
2026-03-17 11:12:20:825 [2512e24d][ADB] Could not find online devices
2026-03-17 11:12:20:825 [2512e24d][ADB] Reconnecting adb (target offline)
2026-03-17 11:12:20:825 [2512e24d][ADB] Running '/Users/adrian/Library/Android/sdk/platform-tools/adb -P 5037 reconnect offline'
2026-03-17 11:12:21:034 [2512e24d][ADB] Getting connected devices
2026-03-17 11:12:21:043 [2512e24d][ADB] No connected devices have been detected
2026-03-17 11:12:21:043 [2512e24d][ADB] Could not find online devices
2026-03-17 11:12:21:043 [2512e24d][ADB] Reconnecting adb (target offline)
2026-03-17 11:12:21:043 [2512e24d][ADB] Running '/Users/adrian/Library/Android/sdk/platform-tools/adb -P 5037 reconnect offline'
2026-03-17 11:12:21:253 [2512e24d][ADB] Getting connected devices
2026-03-17 11:12:21:261 [2512e24d][ADB] No connected devices have been detected
2026-03-17 11:12:21:261 [2512e24d][ADB] Could not find online devices
2026-03-17 11:12:21:261 [2512e24d][ADB] Reconnecting adb (target offline)
2026-03-17 11:12:21:262 [2512e24d][ADB] Running '/Users/adrian/Library/Android/sdk/platform-tools/adb -P 5037 reconnect offline'
2026-03-17 11:12:21:471 [2512e24d][ADB] Getting connected devices
2026-03-17 11:12:21:479 [2512e24d][ADB] No connected devices have been detected
2026-03-17 11:12:21:479 [2512e24d][ADB] Could not find online devices
2026-03-17 11:12:21:479 [2512e24d][ADB] Reconnecting adb (target offline)
2026-03-17 11:12:21:479 [2512e24d][ADB] Running '/Users/adrian/Library/Android/sdk/platform-tools/adb -P 5037 reconnect offline'
2026-03-17 11:12:21:689 [2512e24d][ADB] Getting connected devices
2026-03-17 11:12:21:699 [2512e24d][ADB] No connected devices have been detected
2026-03-17 11:12:21:699 [2512e24d][ADB] Could not find online devices
2026-03-17 11:12:21:699 [2512e24d][ADB] Reconnecting adb (target offline)
2026-03-17 11:12:21:699 [2512e24d][ADB] Running '/Users/adrian/Library/Android/sdk/platform-tools/adb -P 5037 reconnect offline'
2026-03-17 11:12:21:908 [2512e24d][ADB] Getting connected devices
2026-03-17 11:12:21:917 [2512e24d][ADB] No connected devices have been detected
2026-03-17 11:12:21:917 [2512e24d][ADB] Could not find online devices
2026-03-17 11:12:21:917 [2512e24d][ADB] Reconnecting adb (target offline)
2026-03-17 11:12:21:917 [2512e24d][ADB] Running '/Users/adrian/Library/Android/sdk/platform-tools/adb -P 5037 reconnect offline'
2026-03-17 11:12:22:126 [2512e24d][ADB] Getting connected devices
2026-03-17 11:12:22:150 [2512e24d][ADB] No connected devices have been detected
2026-03-17 11:12:22:151 [2512e24d][ADB] Could not find online devices
2026-03-17 11:12:22:151 [2512e24d][ADB] Reconnecting adb (target offline)
2026-03-17 11:12:22:151 [2512e24d][ADB] Running '/Users/adrian/Library/Android/sdk/platform-tools/adb -P 5037 reconnect offline'
2026-03-17 11:12:22:366 [2512e24d][ADB] Getting connected devices
2026-03-17 11:12:22:388 [2512e24d][ADB] No connected devices have been detected
2026-03-17 11:12:22:388 [2512e24d][ADB] Could not find online devices
2026-03-17 11:12:22:388 [2512e24d][ADB] Reconnecting adb (target offline)
2026-03-17 11:12:22:388 [2512e24d][ADB] Running '/Users/adrian/Library/Android/sdk/platform-tools/adb -P 5037 reconnect offline'
2026-03-17 11:12:22:604 [2512e24d][ADB] Getting connected devices
2026-03-17 11:12:22:629 [2512e24d][ADB] No connected devices have been detected
2026-03-17 11:12:22:629 [2512e24d][ADB] Could not find online devices
2026-03-17 11:12:22:629 [2512e24d][ADB] Reconnecting adb (target offline)
2026-03-17 11:12:22:629 [2512e24d][ADB] Running '/Users/adrian/Library/Android/sdk/platform-tools/adb -P 5037 reconnect offline'
2026-03-17 11:12:22:846 [2512e24d][ADB] Getting connected devices
2026-03-17 11:12:22:871 [2512e24d][ADB] No connected devices have been detected
2026-03-17 11:12:22:871 [2512e24d][ADB] Could not find online devices
2026-03-17 11:12:22:871 [2512e24d][ADB] Reconnecting adb (target offline)
2026-03-17 11:12:22:871 [2512e24d][ADB] Running '/Users/adrian/Library/Android/sdk/platform-tools/adb -P 5037 reconnect offline'
2026-03-17 11:12:23:089 [2512e24d][ADB] Getting connected devices
2026-03-17 11:12:23:114 [2512e24d][ADB] No connected devices have been detected
2026-03-17 11:12:23:114 [2512e24d][ADB] Could not find online devices
2026-03-17 11:12:23:114 [2512e24d][ADB] Reconnecting adb (target offline)
2026-03-17 11:12:23:114 [2512e24d][ADB] Running '/Users/adrian/Library/Android/sdk/platform-tools/adb -P 5037 reconnect offline'
2026-03-17 11:12:23:333 [2512e24d][ADB] Getting connected devices
2026-03-17 11:12:23:355 [2512e24d][ADB] No connected devices have been detected
2026-03-17 11:12:23:355 [2512e24d][ADB] Could not find online devices
2026-03-17 11:12:23:355 [2512e24d][ADB] Reconnecting adb (target offline)
2026-03-17 11:12:23:355 [2512e24d][ADB] Running '/Users/adrian/Library/Android/sdk/platform-tools/adb -P 5037 reconnect offline'
2026-03-17 11:12:23:570 [2512e24d][ADB] Getting connected devices
2026-03-17 11:12:23:594 [2512e24d][ADB] No connected devices have been detected
2026-03-17 11:12:23:594 [2512e24d][ADB] Could not find online devices
2026-03-17 11:12:23:594 [2512e24d][ADB] Reconnecting adb (target offline)
2026-03-17 11:12:23:595 [2512e24d][ADB] Running '/Users/adrian/Library/Android/sdk/platform-tools/adb -P 5037 reconnect offline'
2026-03-17 11:12:23:813 [2512e24d][ADB] Getting connected devices
2026-03-17 11:12:23:835 [2512e24d][ADB] No connected devices have been detected
2026-03-17 11:12:23:835 [2512e24d][ADB] Could not find online devices
2026-03-17 11:12:23:835 [2512e24d][ADB] Reconnecting adb (target offline)
2026-03-17 11:12:23:835 [2512e24d][ADB] Running '/Users/adrian/Library/Android/sdk/platform-tools/adb -P 5037 reconnect offline'
2026-03-17 11:12:24:050 [2512e24d][ADB] Getting connected devices
2026-03-17 11:12:24:076 [2512e24d][ADB] No connected devices have been detected
2026-03-17 11:12:24:076 [2512e24d][ADB] Could not find online devices
2026-03-17 11:12:24:076 [2512e24d][ADB] Reconnecting adb (target offline)
2026-03-17 11:12:24:076 [2512e24d][ADB] Running '/Users/adrian/Library/Android/sdk/platform-tools/adb -P 5037 reconnect offline'
2026-03-17 11:12:24:293 [2512e24d][ADB] Getting connected devices
2026-03-17 11:12:24:318 [2512e24d][ADB] No connected devices have been detected
2026-03-17 11:12:24:318 [2512e24d][ADB] Could not find online devices
2026-03-17 11:12:24:318 [2512e24d][ADB] Reconnecting adb (target offline)
2026-03-17 11:12:24:318 [2512e24d][ADB] Running '/Users/adrian/Library/Android/sdk/platform-tools/adb -P 5037 reconnect offline'
2026-03-17 11:12:24:536 [2512e24d][ADB] Getting connected devices
2026-03-17 11:12:24:560 [2512e24d][ADB] No connected devices have been detected
2026-03-17 11:12:24:561 [2512e24d][ADB] Could not find online devices
2026-03-17 11:12:24:561 [2512e24d][ADB] Reconnecting adb (target offline)
2026-03-17 11:12:24:561 [2512e24d][ADB] Running '/Users/adrian/Library/Android/sdk/platform-tools/adb -P 5037 reconnect offline'
2026-03-17 11:12:24:778 [2512e24d][ADB] Getting connected devices
2026-03-17 11:12:24:803 [2512e24d][ADB] No connected devices have been detected
2026-03-17 11:12:24:803 [2512e24d][ADB] Could not find online devices
2026-03-17 11:12:24:803 [2512e24d][ADB] Reconnecting adb (target offline)
2026-03-17 11:12:24:803 [2512e24d][ADB] Running '/Users/adrian/Library/Android/sdk/platform-tools/adb -P 5037 reconnect offline'
2026-03-17 11:12:25:021 [2512e24d][ADB] Getting connected devices
2026-03-17 11:12:25:045 [2512e24d][ADB] No connected devices have been detected
2026-03-17 11:12:25:045 [2512e24d][ADB] Could not find online devices
2026-03-17 11:12:25:045 [2512e24d][ADB] Reconnecting adb (target offline)
2026-03-17 11:12:25:045 [2512e24d][ADB] Running '/Users/adrian/Library/Android/sdk/platform-tools/adb -P 5037 reconnect offline'
2026-03-17 11:12:25:262 [2512e24d][ADB] Getting connected devices
2026-03-17 11:12:25:288 [2512e24d][ADB] No connected devices have been detected
2026-03-17 11:12:25:288 [2512e24d][ADB] Could not find online devices
2026-03-17 11:12:25:288 [2512e24d][ADB] Reconnecting adb (target offline)
2026-03-17 11:12:25:288 [2512e24d][ADB] Running '/Users/adrian/Library/Android/sdk/platform-tools/adb -P 5037 reconnect offline'
2026-03-17 11:12:25:506 [2512e24d][ADB] Getting connected devices
2026-03-17 11:12:25:529 [2512e24d][ADB] No connected devices have been detected
2026-03-17 11:12:25:529 [2512e24d][ADB] Could not find online devices
2026-03-17 11:12:25:529 [2512e24d][ADB] Reconnecting adb (target offline)
2026-03-17 11:12:25:529 [2512e24d][ADB] Running '/Users/adrian/Library/Android/sdk/platform-tools/adb -P 5037 reconnect offline'
2026-03-17 11:12:25:745 [2512e24d][ADB] Getting connected devices
2026-03-17 11:12:25:765 [2512e24d][ADB] No connected devices have been detected
2026-03-17 11:12:25:765 [2512e24d][ADB] Could not find online devices
2026-03-17 11:12:25:765 [2512e24d][ADB] Reconnecting adb (target offline)
2026-03-17 11:12:25:765 [2512e24d][ADB] Running '/Users/adrian/Library/Android/sdk/platform-tools/adb -P 5037 reconnect offline'
2026-03-17 11:12:25:979 [2512e24d][ADB] Getting connected devices
2026-03-17 11:12:26:001 [2512e24d][ADB] No connected devices have been detected
2026-03-17 11:12:26:001 [2512e24d][ADB] Could not find online devices
2026-03-17 11:12:26:001 [2512e24d][ADB] Reconnecting adb (target offline)
2026-03-17 11:12:26:001 [2512e24d][ADB] Running '/Users/adrian/Library/Android/sdk/platform-tools/adb -P 5037 reconnect offline'
2026-03-17 11:12:26:216 [2512e24d][ADB] Getting connected devices
2026-03-17 11:12:26:242 [2512e24d][ADB] No connected devices have been detected
2026-03-17 11:12:26:242 [2512e24d][ADB] Could not find online devices
2026-03-17 11:12:26:242 [2512e24d][ADB] Reconnecting adb (target offline)
2026-03-17 11:12:26:242 [2512e24d][ADB] Running '/Users/adrian/Library/Android/sdk/platform-tools/adb -P 5037 reconnect offline'
2026-03-17 11:12:26:459 [2512e24d][ADB] Getting connected devices
2026-03-17 11:12:26:483 [2512e24d][ADB] No connected devices have been detected
2026-03-17 11:12:26:483 [2512e24d][ADB] Could not find online devices
2026-03-17 11:12:26:483 [2512e24d][ADB] Reconnecting adb (target offline)
2026-03-17 11:12:26:483 [2512e24d][ADB] Running '/Users/adrian/Library/Android/sdk/platform-tools/adb -P 5037 reconnect offline'
2026-03-17 11:12:26:698 [2512e24d][ADB] Getting connected devices
2026-03-17 11:12:26:721 [2512e24d][ADB] No connected devices have been detected
2026-03-17 11:12:26:721 [2512e24d][ADB] Could not find online devices
2026-03-17 11:12:26:721 [2512e24d][ADB] Reconnecting adb (target offline)
2026-03-17 11:12:26:721 [2512e24d][ADB] Running '/Users/adrian/Library/Android/sdk/platform-tools/adb -P 5037 reconnect offline'
2026-03-17 11:12:26:936 [2512e24d][ADB] Getting connected devices
2026-03-17 11:12:26:960 [2512e24d][ADB] No connected devices have been detected
2026-03-17 11:12:26:960 [2512e24d][ADB] Could not find online devices
2026-03-17 11:12:26:960 [2512e24d][ADB] Reconnecting adb (target offline)
2026-03-17 11:12:26:960 [2512e24d][ADB] Running '/Users/adrian/Library/Android/sdk/platform-tools/adb -P 5037 reconnect offline'
2026-03-17 11:12:27:176 [2512e24d][ADB] Getting connected devices
2026-03-17 11:12:27:202 [2512e24d][ADB] No connected devices have been detected
2026-03-17 11:12:27:202 [2512e24d][ADB] Could not find online devices
2026-03-17 11:12:27:202 [2512e24d][ADB] Reconnecting adb (target offline)
2026-03-17 11:12:27:202 [2512e24d][ADB] Running '/Users/adrian/Library/Android/sdk/platform-tools/adb -P 5037 reconnect offline'
2026-03-17 11:12:27:419 [2512e24d][ADB] Getting connected devices
2026-03-17 11:12:27:439 [2512e24d][ADB] No connected devices have been detected
2026-03-17 11:12:27:439 [2512e24d][ADB] Could not find online devices
2026-03-17 11:12:27:439 [2512e24d][ADB] Reconnecting adb (target offline)
2026-03-17 11:12:27:439 [2512e24d][ADB] Running '/Users/adrian/Library/Android/sdk/platform-tools/adb -P 5037 reconnect offline'
2026-03-17 11:12:27:653 [2512e24d][ADB] Getting connected devices
2026-03-17 11:12:27:678 [2512e24d][ADB] No connected devices have been detected
2026-03-17 11:12:27:678 [2512e24d][ADB] Could not find online devices
2026-03-17 11:12:27:678 [2512e24d][ADB] Reconnecting adb (target offline)
2026-03-17 11:12:27:678 [2512e24d][ADB] Running '/Users/adrian/Library/Android/sdk/platform-tools/adb -P 5037 reconnect offline'
2026-03-17 11:12:27:895 [2512e24d][ADB] Getting connected devices
2026-03-17 11:12:27:915 [2512e24d][ADB] No connected devices have been detected
2026-03-17 11:12:27:915 [2512e24d][ADB] Could not find online devices
2026-03-17 11:12:27:915 [2512e24d][ADB] Reconnecting adb (target offline)
2026-03-17 11:12:27:915 [2512e24d][ADB] Running '/Users/adrian/Library/Android/sdk/platform-tools/adb -P 5037 reconnect offline'
2026-03-17 11:12:28:130 [2512e24d][ADB] Getting connected devices
2026-03-17 11:12:28:156 [2512e24d][ADB] No connected devices have been detected
2026-03-17 11:12:28:156 [2512e24d][ADB] Could not find online devices
2026-03-17 11:12:28:156 [2512e24d][ADB] Reconnecting adb (target offline)
2026-03-17 11:12:28:156 [2512e24d][ADB] Running '/Users/adrian/Library/Android/sdk/platform-tools/adb -P 5037 reconnect offline'
2026-03-17 11:12:28:375 [2512e24d][ADB] Getting connected devices
2026-03-17 11:12:28:400 [2512e24d][ADB] No connected devices have been detected
2026-03-17 11:12:28:400 [2512e24d][ADB] Could not find online devices
2026-03-17 11:12:28:400 [2512e24d][ADB] Reconnecting adb (target offline)
2026-03-17 11:12:28:400 [2512e24d][ADB] Running '/Users/adrian/Library/Android/sdk/platform-tools/adb -P 5037 reconnect offline'
2026-03-17 11:12:28:615 [2512e24d][ADB] Getting connected devices
2026-03-17 11:12:28:639 [2512e24d][ADB] No connected devices have been detected
2026-03-17 11:12:28:639 [2512e24d][ADB] Could not find online devices
2026-03-17 11:12:28:639 [2512e24d][ADB] Reconnecting adb (target offline)
2026-03-17 11:12:28:639 [2512e24d][ADB] Running '/Users/adrian/Library/Android/sdk/platform-tools/adb -P 5037 reconnect offline'
2026-03-17 11:12:28:857 [2512e24d][ADB] Getting connected devices
2026-03-17 11:12:28:880 [2512e24d][ADB] No connected devices have been detected
2026-03-17 11:12:28:880 [2512e24d][ADB] Could not find online devices
2026-03-17 11:12:28:880 [2512e24d][ADB] Reconnecting adb (target offline)
2026-03-17 11:12:28:880 [2512e24d][ADB] Running '/Users/adrian/Library/Android/sdk/platform-tools/adb -P 5037 reconnect offline'
2026-03-17 11:12:29:095 [2512e24d][ADB] Getting connected devices
2026-03-17 11:12:29:120 [2512e24d][ADB] No connected devices have been detected
2026-03-17 11:12:29:120 [2512e24d][ADB] Could not find online devices
2026-03-17 11:12:29:120 [2512e24d][ADB] Reconnecting adb (target offline)
2026-03-17 11:12:29:120 [2512e24d][ADB] Running '/Users/adrian/Library/Android/sdk/platform-tools/adb -P 5037 reconnect offline'
2026-03-17 11:12:29:339 [2512e24d][ADB] Getting connected devices
2026-03-17 11:12:29:363 [2512e24d][ADB] No connected devices have been detected
2026-03-17 11:12:29:363 [2512e24d][ADB] Could not find online devices
2026-03-17 11:12:29:363 [2512e24d][ADB] Reconnecting adb (target offline)
2026-03-17 11:12:29:363 [2512e24d][ADB] Running '/Users/adrian/Library/Android/sdk/platform-tools/adb -P 5037 reconnect offline'
2026-03-17 11:12:29:581 [2512e24d][ADB] Getting connected devices
2026-03-17 11:12:29:606 [2512e24d][ADB] No connected devices have been detected
2026-03-17 11:12:29:606 [2512e24d][ADB] Could not find online devices
2026-03-17 11:12:29:606 [2512e24d][ADB] Reconnecting adb (target offline)
2026-03-17 11:12:29:606 [2512e24d][ADB] Running '/Users/adrian/Library/Android/sdk/platform-tools/adb -P 5037 reconnect offline'
2026-03-17 11:12:29:824 [2512e24d][ADB] Getting connected devices
2026-03-17 11:12:29:848 [2512e24d][ADB] No connected devices have been detected
2026-03-17 11:12:29:848 [2512e24d][ADB] Could not find online devices
2026-03-17 11:12:29:848 [2512e24d][ADB] Reconnecting adb (target offline)
2026-03-17 11:12:29:848 [2512e24d][ADB] Running '/Users/adrian/Library/Android/sdk/platform-tools/adb -P 5037 reconnect offline'
2026-03-17 11:12:30:066 [2512e24d][ADB] Getting connected devices
2026-03-17 11:12:30:090 [2512e24d][ADB] No connected devices have been detected
2026-03-17 11:12:30:090 [2512e24d][ADB] Could not find online devices
2026-03-17 11:12:30:090 [2512e24d][ADB] Reconnecting adb (target offline)
2026-03-17 11:12:30:090 [2512e24d][ADB] Running '/Users/adrian/Library/Android/sdk/platform-tools/adb -P 5037 reconnect offline'
2026-03-17 11:12:30:306 [2512e24d][ADB] Getting connected devices
2026-03-17 11:12:30:331 [2512e24d][ADB] No connected devices have been detected
2026-03-17 11:12:30:331 [2512e24d][ADB] Could not find online devices
2026-03-17 11:12:30:331 [2512e24d][ADB] Reconnecting adb (target offline)
2026-03-17 11:12:30:331 [2512e24d][ADB] Running '/Users/adrian/Library/Android/sdk/platform-tools/adb -P 5037 reconnect offline'
2026-03-17 11:12:30:548 [2512e24d][ADB] Getting connected devices
2026-03-17 11:12:30:573 [2512e24d][ADB] No connected devices have been detected
2026-03-17 11:12:30:573 [2512e24d][ADB] Could not find online devices
2026-03-17 11:12:30:573 [2512e24d][ADB] Reconnecting adb (target offline)
2026-03-17 11:12:30:573 [2512e24d][ADB] Running '/Users/adrian/Library/Android/sdk/platform-tools/adb -P 5037 reconnect offline'
2026-03-17 11:12:30:789 [2512e24d][ADB] Getting connected devices
2026-03-17 11:12:30:814 [2512e24d][ADB] No connected devices have been detected
2026-03-17 11:12:30:814 [2512e24d][ADB] Could not find online devices
2026-03-17 11:12:30:814 [2512e24d][ADB] Reconnecting adb (target offline)
2026-03-17 11:12:30:814 [2512e24d][ADB] Running '/Users/adrian/Library/Android/sdk/platform-tools/adb -P 5037 reconnect offline'
2026-03-17 11:12:31:033 [2512e24d][ADB] Getting connected devices
2026-03-17 11:12:31:056 [2512e24d][ADB] No connected devices have been detected
2026-03-17 11:12:31:056 [2512e24d][ADB] Could not find online devices
2026-03-17 11:12:31:056 [2512e24d][ADB] Reconnecting adb (target offline)
2026-03-17 11:12:31:056 [2512e24d][ADB] Running '/Users/adrian/Library/Android/sdk/platform-tools/adb -P 5037 reconnect offline'
2026-03-17 11:12:31:272 [2512e24d][ADB] Getting connected devices
2026-03-17 11:12:31:292 [2512e24d][ADB] No connected devices have been detected
2026-03-17 11:12:31:292 [2512e24d][ADB] Could not find online devices
2026-03-17 11:12:31:292 [2512e24d][ADB] Reconnecting adb (target offline)
2026-03-17 11:12:31:292 [2512e24d][ADB] Running '/Users/adrian/Library/Android/sdk/platform-tools/adb -P 5037 reconnect offline'
2026-03-17 11:12:31:507 [2512e24d][ADB] Getting connected devices
2026-03-17 11:12:31:531 [2512e24d][ADB] No connected devices have been detected
2026-03-17 11:12:31:531 [2512e24d][ADB] Could not find online devices
2026-03-17 11:12:31:531 [2512e24d][ADB] Reconnecting adb (target offline)
2026-03-17 11:12:31:531 [2512e24d][ADB] Running '/Users/adrian/Library/Android/sdk/platform-tools/adb -P 5037 reconnect offline'
2026-03-17 11:12:31:748 [2512e24d][ADB] Getting connected devices
2026-03-17 11:12:31:768 [2512e24d][ADB] No connected devices have been detected
2026-03-17 11:12:31:768 [2512e24d][ADB] Could not find online devices
2026-03-17 11:12:31:768 [2512e24d][ADB] Reconnecting adb (target offline)
2026-03-17 11:12:31:768 [2512e24d][ADB] Running '/Users/adrian/Library/Android/sdk/platform-tools/adb -P 5037 reconnect offline'
2026-03-17 11:12:31:978 [2512e24d][ADB] Getting connected devices
2026-03-17 11:12:32:004 [2512e24d][ADB] No connected devices have been detected
2026-03-17 11:12:32:004 [2512e24d][ADB] Could not find online devices
2026-03-17 11:12:32:004 [2512e24d][ADB] Reconnecting adb (target offline)
2026-03-17 11:12:32:004 [2512e24d][ADB] Running '/Users/adrian/Library/Android/sdk/platform-tools/adb -P 5037 reconnect offline'
2026-03-17 11:12:32:220 [2512e24d][ADB] Getting connected devices
2026-03-17 11:12:32:246 [2512e24d][ADB] No connected devices have been detected
2026-03-17 11:12:32:246 [2512e24d][ADB] Could not find online devices
2026-03-17 11:12:32:246 [2512e24d][ADB] Reconnecting adb (target offline)
2026-03-17 11:12:32:246 [2512e24d][ADB] Running '/Users/adrian/Library/Android/sdk/platform-tools/adb -P 5037 reconnect offline'
2026-03-17 11:12:32:463 [2512e24d][ADB] Getting connected devices
2026-03-17 11:12:32:488 [2512e24d][ADB] No connected devices have been detected
2026-03-17 11:12:32:488 [2512e24d][ADB] Could not find online devices
2026-03-17 11:12:32:488 [2512e24d][ADB] Reconnecting adb (target offline)
2026-03-17 11:12:32:488 [2512e24d][ADB] Running '/Users/adrian/Library/Android/sdk/platform-tools/adb -P 5037 reconnect offline'
2026-03-17 11:12:32:706 [2512e24d][ADB] Getting connected devices
2026-03-17 11:12:32:731 [2512e24d][ADB] No connected devices have been detected
2026-03-17 11:12:32:731 [2512e24d][ADB] Could not find online devices
2026-03-17 11:12:32:731 [2512e24d][ADB] Reconnecting adb (target offline)
2026-03-17 11:12:32:731 [2512e24d][ADB] Running '/Users/adrian/Library/Android/sdk/platform-tools/adb -P 5037 reconnect offline'
2026-03-17 11:12:32:949 [2512e24d][ADB] Getting connected devices
2026-03-17 11:12:32:973 [2512e24d][ADB] No connected devices have been detected
2026-03-17 11:12:32:973 [2512e24d][ADB] Could not find online devices
2026-03-17 11:12:32:973 [2512e24d][ADB] Reconnecting adb (target offline)
2026-03-17 11:12:32:973 [2512e24d][ADB] Running '/Users/adrian/Library/Android/sdk/platform-tools/adb -P 5037 reconnect offline'
2026-03-17 11:12:33:189 [2512e24d][ADB] Getting connected devices
2026-03-17 11:12:33:214 [2512e24d][ADB] No connected devices have been detected
2026-03-17 11:12:33:214 [2512e24d][ADB] Could not find online devices
2026-03-17 11:12:33:214 [2512e24d][ADB] Reconnecting adb (target offline)
2026-03-17 11:12:33:214 [2512e24d][ADB] Running '/Users/adrian/Library/Android/sdk/platform-tools/adb -P 5037 reconnect offline'
2026-03-17 11:12:33:432 [2512e24d][ADB] Getting connected devices
2026-03-17 11:12:33:451 [2512e24d][ADB] No connected devices have been detected
2026-03-17 11:12:33:451 [2512e24d][ADB] Could not find online devices
2026-03-17 11:12:33:452 [2512e24d][ADB] Reconnecting adb (target offline)
2026-03-17 11:12:33:452 [2512e24d][ADB] Running '/Users/adrian/Library/Android/sdk/platform-tools/adb -P 5037 reconnect offline'
2026-03-17 11:12:33:666 [2512e24d][ADB] Getting connected devices
2026-03-17 11:12:33:691 [2512e24d][ADB] No connected devices have been detected
2026-03-17 11:12:33:691 [2512e24d][ADB] Could not find online devices
2026-03-17 11:12:33:691 [2512e24d][ADB] Reconnecting adb (target offline)
2026-03-17 11:12:33:691 [2512e24d][ADB] Running '/Users/adrian/Library/Android/sdk/platform-tools/adb -P 5037 reconnect offline'
2026-03-17 11:12:33:865 [2512e24d][ADB] Getting connected devices
2026-03-17 11:12:33:890 [2512e24d][ADB] No connected devices have been detected
2026-03-17 11:12:33:890 [2512e24d][ADB] Could not find online devices
2026-03-17 11:12:33:890 [2512e24d][ADB] Reconnecting adb (target offline)
2026-03-17 11:12:33:890 [2512e24d][ADB] Running '/Users/adrian/Library/Android/sdk/platform-tools/adb -P 5037 reconnect offline'
2026-03-17 11:12:33:907 [2512e24d][38;5;-133m[AndroidUiautomator2Driver@1c2d] Deleting UiAutomator2 session
2026-03-17 11:12:33:907 [2512e24d][AppiumDriver@6e41] Event 'newSessionStarted' logged at 1773745953907 (12:12:33 GMT+0100 (Central European Standard Time))
2026-03-17 11:12:33:908 [2512e24d][AppiumDriver@6e41] Encountered internal error running command: Error: Could not find a connected Android device in 20000ms
    at ADB.getDevicesWithRetry (/Users/adrian/.appium/node_modules/appium-uiautomator2-driver/node_modules/appium-adb/build/lib/tools/system-calls.js:360:19)
    at process.processTicksAndRejections (node:internal/process/task_queues:104:5)
    at async AndroidUiautomator2Driver.getDeviceInfoFromCaps (/Users/adrian/.appium/node_modules/appium-uiautomator2-driver/node_modules/appium-android-driver/build/lib/commands/device/common.js:76:25)
    at async AndroidUiautomator2Driver.createSession (/Users/adrian/.appium/node_modules/appium-uiautomator2-driver/build/lib/driver.js:211:38)
    at async AppiumDriver.createSession (/Users/adrian/.nvm/versions/node/v24.14.0/lib/node_modules/appium/build/lib/appium.js:324:43)
2026-03-17 11:12:33:908 [2512e24d][HTTP] <-- POST /session 500 20059 ms - 1328
